18:44:05.331 [main] DEBUG org.testng.log4testng.Logger.debug(Logger.java:82)oggger - suiteXmlPath: "C:\Users\User\AppData\Local\Temp\testng-eclipse--1171988658\testng-customsuite.xml"
18:44:05.630 [main] INFO  org.testng.log4testng.Logger.info(Logger.java:112)oggger - [Utils] MethodGroupsHelper.collectMethodsByGroup() took 0 ms.
18:44:05.635 [main] INFO  org.testng.log4testng.Logger.info(Logger.java:112)oggger - [Utils] MethodGroupsHelper.sortMethods() took 0 ms.
18:44:05.637 [main] INFO  org.testng.log4testng.Logger.info(Logger.java:112)oggger - [Utils] MethodGroupsHelper.collectMethodsByGroup() took 0 ms.
18:44:05.641 [main] INFO  org.testng.log4testng.Logger.info(Logger.java:112)oggger - [Utils] MethodGroupsHelper.sortMethods() took 0 ms.
18:44:05.642 [main] INFO  org.testng.log4testng.Logger.info(Logger.java:112)oggger - [Utils] MethodGroupsHelper.collectMethodsByGroup() took 0 ms.
18:44:05.643 [main] INFO  org.testng.log4testng.Logger.info(Logger.java:112)oggger - [Utils] MethodGroupsHelper.sortMethods() took 0 ms.
18:44:05.644 [main] INFO  org.testng.log4testng.Logger.info(Logger.java:112)oggger - [Utils] MethodGroupsHelper.collectMethodsByGroup() took 0 ms.
18:44:05.644 [main] INFO  org.testng.log4testng.Logger.info(Logger.java:112)oggger - [Utils] MethodGroupsHelper.sortMethods() took 0 ms.
18:44:05.653 [main] INFO  org.testng.log4testng.Logger.info(Logger.java:112)oggger - [Utils] MethodGroupsHelper.collectMethodsByGroup() took 6 ms.
18:44:05.670 [main] INFO  org.testng.log4testng.Logger.info(Logger.java:112)oggger - [Utils] MethodGroupsHelper.sortMethods() took 16 ms.
18:44:05.672 [main] INFO  org.testng.log4testng.Logger.info(Logger.java:112)oggger - [Utils] MethodGroupsHelper.collectMethodsByGroup() took 0 ms.
18:44:05.673 [main] INFO  org.testng.log4testng.Logger.info(Logger.java:112)oggger - [Utils] MethodGroupsHelper.sortMethods() took 0 ms.
18:44:05.674 [main] INFO  org.testng.log4testng.Logger.info(Logger.java:112)oggger - [Utils] MethodGroupsHelper.collectMethodsByGroup() took 0 ms.
18:44:05.674 [main] INFO  org.testng.log4testng.Logger.info(Logger.java:112)oggger - [Utils] MethodGroupsHelper.sortMethods() took 0 ms.
18:44:05.675 [main] INFO  org.testng.log4testng.Logger.info(Logger.java:112)oggger - [Utils] MethodGroupsHelper.collectMethodsByGroup() took 0 ms.
18:44:05.675 [main] INFO  org.testng.log4testng.Logger.info(Logger.java:112)oggger - [Utils] MethodGroupsHelper.sortMethods() took 0 ms.
18:44:05.679 [main] INFO  org.testng.log4testng.Logger.info(Logger.java:112)oggger - [Utils] MethodGroupsHelper.collectMethodsByGroup() took 0 ms.
18:44:05.679 [main] INFO  org.testng.log4testng.Logger.info(Logger.java:112)oggger - [Utils] MethodGroupsHelper.sortMethods() took 0 ms.
18:44:05.680 [main] INFO  org.testng.log4testng.Logger.info(Logger.java:112)oggger - [Utils] MethodGroupsHelper.collectMethodsByGroup() took 0 ms.
18:44:05.680 [main] INFO  org.testng.log4testng.Logger.info(Logger.java:112)oggger - [Utils] MethodGroupsHelper.sortMethods() took 0 ms.
18:44:05.683 [main] INFO  org.testng.log4testng.Logger.info(Logger.java:112)oggger - [Utils] MethodGroupsHelper.collectMethodsByGroup() took 0 ms.
18:44:05.684 [main] INFO  org.testng.log4testng.Logger.info(Logger.java:112)oggger - [Utils] MethodGroupsHelper.sortMethods() took 0 ms.
18:44:05.684 [main] INFO  org.testng.log4testng.Logger.info(Logger.java:112)oggger - [Utils] MethodGroupsHelper.collectMethodsByGroup() took 0 ms.
18:44:05.684 [main] INFO  org.testng.log4testng.Logger.info(Logger.java:112)oggger - [Utils] MethodGroupsHelper.sortMethods() took 0 ms.
18:44:05.686 [main] INFO  org.testng.log4testng.Logger.info(Logger.java:112)oggger - [Utils] MethodGroupsHelper.collectMethodsByGroup() took 1 ms.
18:44:05.687 [main] INFO  org.testng.log4testng.Logger.info(Logger.java:112)oggger - [Utils] MethodGroupsHelper.sortMethods() took 0 ms.
18:44:05.689 [main] INFO  org.testng.log4testng.Logger.info(Logger.java:112)oggger - [Utils] MethodGroupsHelper.collectMethodsByGroup() took 0 ms.
18:44:05.689 [main] INFO  org.testng.log4testng.Logger.info(Logger.java:112)oggger - [Utils] MethodGroupsHelper.sortMethods() took 0 ms.
18:44:05.689 [main] INFO  org.testng.log4testng.Logger.info(Logger.java:112)oggger - [Utils] MethodGroupsHelper.collectMethodsByGroup() took 0 ms.
18:44:05.690 [main] INFO  org.testng.log4testng.Logger.info(Logger.java:112)oggger - [Utils] MethodGroupsHelper.sortMethods() took 0 ms.
18:44:05.701 [main] INFO  org.testng.log4testng.Logger.info(Logger.java:112)oggger - [TestNG] Running:
  C:\Users\User\AppData\Local\Temp\testng-eclipse--1171988658\testng-customsuite.xml

18:44:05.730 [main] INFO  org.testng.log4testng.Logger.info(Logger.java:112)oggger - [Utils] DynamicGraphHelper.createDynamicGraph() took 8 ms.
18:44:09.756 [main] INFO  testCases.TC_001_AccountReistrationTest.verify_acc_registration(TC_001_AccountReistrationTest.java:23)oggger - ****Starting TC001_AccountRegistrationTest*****
18:44:10.057 [main] INFO  testCases.TC_001_AccountReistrationTest.verify_acc_registration(TC_001_AccountReistrationTest.java:28)oggger - clicking on myaccount...
18:44:10.822 [main] INFO  testCases.TC_001_AccountReistrationTest.verify_acc_registration(TC_001_AccountReistrationTest.java:31)oggger - Clicking on Register...
18:44:10.830 [main] INFO  testCases.TC_001_AccountReistrationTest.verify_acc_registration(TC_001_AccountReistrationTest.java:35)oggger - Providing customer details...
18:44:14.490 [main] INFO  testCases.TC_001_AccountReistrationTest.verify_acc_registration(TC_001_AccountReistrationTest.java:50)oggger - Validating expected message...
18:44:14.538 [main] ERROR testCases.TC_001_AccountReistrationTest.verify_acc_registration(TC_001_AccountReistrationTest.java:58)oggger - Test Failed
18:44:14.538 [main] DEBUG testCases.TC_001_AccountReistrationTest.verify_acc_registration(TC_001_AccountReistrationTest.java:59)oggger - Debug logs
18:44:15.490 [main] INFO  org.testng.log4testng.Logger.info(Logger.java:112)oggger - [TestNG] Time taken by org.testng.reporters.jq.Main@5e4fa1da: 119 ms
18:44:15.511 [main] INFO  org.testng.log4testng.Logger.info(Logger.java:112)oggger - [TestNG] Time taken by org.testng.reporters.FailedReporter@48c3205a: 20 ms
18:44:15.524 [main] INFO  org.testng.log4testng.Logger.info(Logger.java:112)oggger - [TestNG] Time taken by org.testng.reporters.XMLReporter@7f9ab969: 11 ms
18:44:15.533 [main] INFO  org.testng.log4testng.Logger.info(Logger.java:112)oggger - [TestNG] Time taken by org.testng.reporters.EmailableReporter2@723ed581: 9 ms
18:44:15.544 [main] INFO  org.testng.log4testng.Logger.info(Logger.java:112)oggger - [TestNG] Time taken by org.testng.reporters.JUnitReportReporter@3b7b05a8: 11 ms
18:44:15.544 [main] INFO  org.testng.log4testng.Logger.info(Logger.java:112)oggger - [TestNG] Time taken by org.testng.internal.ExitCodeListener@3d36dff4: 0 ms
19:36:35.208 [main] DEBUG org.testng.log4testng.Logger.debug(Logger.java:82)oggger - suiteXmlPath: "C:\Users\User\eclipse-workspace\Java Developer\openCartV121\Maters.xml"
19:36:35.553 [main] INFO  org.testng.log4testng.Logger.info(Logger.java:112)oggger - [TestNG] Running:
  C:\Users\User\eclipse-workspace\Java Developer\openCartV121\Maters.xml

19:36:42.137 [main] INFO  testCases.TC_001_AccountReistrationTest.verify_acc_registration(TC_001_AccountReistrationTest.java:23)oggger - ****Starting TC001_AccountRegistrationTest*****
19:36:43.249 [main] INFO  testCases.TC_001_AccountReistrationTest.verify_acc_registration(TC_001_AccountReistrationTest.java:28)oggger - clicking on myaccount...
19:36:43.972 [main] INFO  testCases.TC_001_AccountReistrationTest.verify_acc_registration(TC_001_AccountReistrationTest.java:31)oggger - Clicking on Register...
19:36:43.977 [main] INFO  testCases.TC_001_AccountReistrationTest.verify_acc_registration(TC_001_AccountReistrationTest.java:35)oggger - Providing customer details...
19:36:47.666 [main] INFO  testCases.TC_001_AccountReistrationTest.verify_acc_registration(TC_001_AccountReistrationTest.java:50)oggger - Validating expected message...
19:36:47.725 [main] ERROR testCases.TC_001_AccountReistrationTest.verify_acc_registration(TC_001_AccountReistrationTest.java:58)oggger - Test Failed
19:36:47.726 [main] DEBUG testCases.TC_001_AccountReistrationTest.verify_acc_registration(TC_001_AccountReistrationTest.java:59)oggger - Debug logs
19:38:03.543 [main] DEBUG org.testng.log4testng.Logger.debug(Logger.java:82)oggger - suiteXmlPath: "C:\Users\User\eclipse-workspace\Java Developer\openCartV121\Maters.xml"
19:38:03.895 [main] INFO  org.testng.log4testng.Logger.info(Logger.java:112)oggger - [TestNG] Running:
  C:\Users\User\eclipse-workspace\Java Developer\openCartV121\Maters.xml

19:38:07.658 [main] INFO  testCases.TC_001_AccountReistrationTest.verify_acc_registration(TC_001_AccountReistrationTest.java:23)oggger - ****Starting TC001_AccountRegistrationTest*****
19:38:08.673 [main] INFO  testCases.TC_001_AccountReistrationTest.verify_acc_registration(TC_001_AccountReistrationTest.java:28)oggger - clicking on myaccount...
19:38:09.494 [main] INFO  testCases.TC_001_AccountReistrationTest.verify_acc_registration(TC_001_AccountReistrationTest.java:31)oggger - Clicking on Register...
19:38:09.497 [main] INFO  testCases.TC_001_AccountReistrationTest.verify_acc_registration(TC_001_AccountReistrationTest.java:35)oggger - Providing customer details...
19:38:13.120 [main] INFO  testCases.TC_001_AccountReistrationTest.verify_acc_registration(TC_001_AccountReistrationTest.java:50)oggger - Validating expected message...
19:38:13.187 [main] INFO  testCases.TC_001_AccountReistrationTest.verify_acc_registration(TC_001_AccountReistrationTest.java:70)oggger - ****Finished TC001_AccountRegistrationTest*****
19:39:12.676 [main] DEBUG org.testng.log4testng.Logger.debug(Logger.java:82)oggger - suiteXmlPath: "C:\Users\User\eclipse-workspace\Java Developer\openCartV121\Maters.xml"
19:39:13.030 [main] INFO  org.testng.log4testng.Logger.info(Logger.java:112)oggger - [TestNG] Running:
  C:\Users\User\eclipse-workspace\Java Developer\openCartV121\Maters.xml

19:39:21.904 [main] INFO  testCases.TC_001_AccountReistrationTest.verify_acc_registration(TC_001_AccountReistrationTest.java:23)oggger - ****Starting TC001_AccountRegistrationTest*****
19:39:22.204 [main] INFO  testCases.TC_001_AccountReistrationTest.verify_acc_registration(TC_001_AccountReistrationTest.java:28)oggger - clicking on myaccount...
19:39:23.037 [main] INFO  testCases.TC_001_AccountReistrationTest.verify_acc_registration(TC_001_AccountReistrationTest.java:31)oggger - Clicking on Register...
19:39:23.042 [main] INFO  testCases.TC_001_AccountReistrationTest.verify_acc_registration(TC_001_AccountReistrationTest.java:35)oggger - Providing customer details...
19:39:26.819 [main] INFO  testCases.TC_001_AccountReistrationTest.verify_acc_registration(TC_001_AccountReistrationTest.java:50)oggger - Validating expected message...
19:39:26.865 [main] INFO  testCases.TC_001_AccountReistrationTest.verify_acc_registration(TC_001_AccountReistrationTest.java:70)oggger - ****Finished TC001_AccountRegistrationTest*****
19:39:50.106 [main] DEBUG org.testng.log4testng.Logger.debug(Logger.java:82)oggger - suiteXmlPath: "C:\Users\User\eclipse-workspace\Java Developer\openCartV121\Maters.xml"
19:39:50.460 [main] INFO  org.testng.log4testng.Logger.info(Logger.java:112)oggger - [TestNG] Running:
  C:\Users\User\eclipse-workspace\Java Developer\openCartV121\Maters.xml

19:45:31.037 [main] DEBUG org.testng.log4testng.Logger.debug(Logger.java:82)oggger - suiteXmlPath: "C:\Users\User\eclipse-workspace\Java Developer\openCartV121\Maters.xml"
19:45:31.417 [main] INFO  org.testng.log4testng.Logger.info(Logger.java:112)oggger - [TestNG] Running:
  C:\Users\User\eclipse-workspace\Java Developer\openCartV121\Maters.xml

19:45:35.362 [main] INFO  testCases.TC_001_AccountReistrationTest.verify_acc_registration(TC_001_AccountReistrationTest.java:23)oggger - ****Starting TC001_AccountRegistrationTest*****
19:45:35.635 [main] INFO  testCases.TC_001_AccountReistrationTest.verify_acc_registration(TC_001_AccountReistrationTest.java:28)oggger - clicking on myaccount...
19:45:36.355 [main] INFO  testCases.TC_001_AccountReistrationTest.verify_acc_registration(TC_001_AccountReistrationTest.java:31)oggger - Clicking on Register...
19:45:36.362 [main] INFO  testCases.TC_001_AccountReistrationTest.verify_acc_registration(TC_001_AccountReistrationTest.java:35)oggger - Providing customer details...
19:45:39.998 [main] INFO  testCases.TC_001_AccountReistrationTest.verify_acc_registration(TC_001_AccountReistrationTest.java:50)oggger - Validating expected message...
19:45:40.056 [main] INFO  testCases.TC_001_AccountReistrationTest.verify_acc_registration(TC_001_AccountReistrationTest.java:70)oggger - ****Finished TC001_AccountRegistrationTest*****
19:45:43.814 [main] INFO  testCases.TC_001_AccountReistrationTest.verify_acc_registration(TC_001_AccountReistrationTest.java:23)oggger - ****Starting TC001_AccountRegistrationTest*****
19:45:44.769 [main] INFO  testCases.TC_001_AccountReistrationTest.verify_acc_registration(TC_001_AccountReistrationTest.java:28)oggger - clicking on myaccount...
19:45:45.461 [main] INFO  testCases.TC_001_AccountReistrationTest.verify_acc_registration(TC_001_AccountReistrationTest.java:31)oggger - Clicking on Register...
19:45:45.462 [main] INFO  testCases.TC_001_AccountReistrationTest.verify_acc_registration(TC_001_AccountReistrationTest.java:35)oggger - Providing customer details...
19:45:48.963 [main] INFO  testCases.TC_001_AccountReistrationTest.verify_acc_registration(TC_001_AccountReistrationTest.java:50)oggger - Validating expected message...
19:45:49.022 [main] INFO  testCases.TC_001_AccountReistrationTest.verify_acc_registration(TC_001_AccountReistrationTest.java:70)oggger - ****Finished TC001_AccountRegistrationTest*****
19:48:14.163 [main] DEBUG org.testng.log4testng.Logger.debug(Logger.java:82)oggger - suiteXmlPath: "C:\Users\User\eclipse-workspace\Java Developer\openCartV121\Maters.xml"
19:48:14.556 [main] INFO  org.testng.log4testng.Logger.info(Logger.java:112)oggger - [TestNG] Running:
  C:\Users\User\eclipse-workspace\Java Developer\openCartV121\Maters.xml

19:48:20.428 [TestNG-tests-2] INFO  testCases.TC_001_AccountReistrationTest.verify_acc_registration(TC_001_AccountReistrationTest.java:23)oggger - ****Starting TC001_AccountRegistrationTest*****
19:48:21.580 [TestNG-tests-1] INFO  testCases.TC_001_AccountReistrationTest.verify_acc_registration(TC_001_AccountReistrationTest.java:23)oggger - ****Starting TC001_AccountRegistrationTest*****
19:48:21.648 [TestNG-tests-2] INFO  testCases.TC_001_AccountReistrationTest.verify_acc_registration(TC_001_AccountReistrationTest.java:28)oggger - clicking on myaccount...
19:48:22.638 [TestNG-tests-1] INFO  testCases.TC_001_AccountReistrationTest.verify_acc_registration(TC_001_AccountReistrationTest.java:28)oggger - clicking on myaccount...
19:48:23.131 [TestNG-tests-2] INFO  testCases.TC_001_AccountReistrationTest.verify_acc_registration(TC_001_AccountReistrationTest.java:31)oggger - Clicking on Register...
19:48:23.141 [TestNG-tests-2] INFO  testCases.TC_001_AccountReistrationTest.verify_acc_registration(TC_001_AccountReistrationTest.java:35)oggger - Providing customer details...
19:48:24.841 [TestNG-tests-1] INFO  testCases.TC_001_AccountReistrationTest.verify_acc_registration(TC_001_AccountReistrationTest.java:31)oggger - Clicking on Register...
19:48:24.842 [TestNG-tests-1] INFO  testCases.TC_001_AccountReistrationTest.verify_acc_registration(TC_001_AccountReistrationTest.java:35)oggger - Providing customer details...
19:48:27.629 [TestNG-tests-2] INFO  testCases.TC_001_AccountReistrationTest.verify_acc_registration(TC_001_AccountReistrationTest.java:50)oggger - Validating expected message...
19:48:27.699 [TestNG-tests-2] INFO  testCases.TC_001_AccountReistrationTest.verify_acc_registration(TC_001_AccountReistrationTest.java:70)oggger - ****Finished TC001_AccountRegistrationTest*****
19:48:29.434 [TestNG-tests-1] INFO  testCases.TC_001_AccountReistrationTest.verify_acc_registration(TC_001_AccountReistrationTest.java:50)oggger - Validating expected message...
19:48:29.487 [TestNG-tests-1] INFO  testCases.TC_001_AccountReistrationTest.verify_acc_registration(TC_001_AccountReistrationTest.java:70)oggger - ****Finished TC001_AccountRegistrationTest*****
10:36:11.406 [main] DEBUG org.testng.log4testng.Logger.debug(Logger.java:82)oggger - suiteXmlPath: "C:\Users\User\eclipse-workspace\Java Developer\openCartV121\Maters.xml"
10:36:11.872 [main] INFO  org.testng.log4testng.Logger.info(Logger.java:112)oggger - [TestNG] Running:
  C:\Users\User\eclipse-workspace\Java Developer\openCartV121\Maters.xml

10:36:26.023 [TestNG-tests-1] INFO  testCases.TC_001_AccountReistrationTest.verify_acc_registration(TC_001_AccountReistrationTest.java:23)oggger - ****Starting TC001_AccountRegistrationTest*****
10:36:26.777 [TestNG-tests-1] INFO  testCases.TC_001_AccountReistrationTest.verify_acc_registration(TC_001_AccountReistrationTest.java:28)oggger - clicking on myaccount...
10:36:27.469 [TestNG-tests-2] INFO  testCases.TC_001_AccountReistrationTest.verify_acc_registration(TC_001_AccountReistrationTest.java:23)oggger - ****Starting TC001_AccountRegistrationTest*****
10:36:28.271 [TestNG-tests-2] INFO  testCases.TC_001_AccountReistrationTest.verify_acc_registration(TC_001_AccountReistrationTest.java:28)oggger - clicking on myaccount...
10:36:29.062 [TestNG-tests-1] INFO  testCases.TC_001_AccountReistrationTest.verify_acc_registration(TC_001_AccountReistrationTest.java:31)oggger - Clicking on Register...
10:36:29.087 [TestNG-tests-1] INFO  testCases.TC_001_AccountReistrationTest.verify_acc_registration(TC_001_AccountReistrationTest.java:35)oggger - Providing customer details...
10:36:29.502 [TestNG-tests-2] INFO  testCases.TC_001_AccountReistrationTest.verify_acc_registration(TC_001_AccountReistrationTest.java:31)oggger - Clicking on Register...
10:36:29.504 [TestNG-tests-2] INFO  testCases.TC_001_AccountReistrationTest.verify_acc_registration(TC_001_AccountReistrationTest.java:35)oggger - Providing customer details...
10:36:34.941 [TestNG-tests-2] INFO  testCases.TC_001_AccountReistrationTest.verify_acc_registration(TC_001_AccountReistrationTest.java:50)oggger - Validating expected message...
10:36:34.967 [TestNG-tests-1] INFO  testCases.TC_001_AccountReistrationTest.verify_acc_registration(TC_001_AccountReistrationTest.java:50)oggger - Validating expected message...
10:36:35.030 [TestNG-tests-2] INFO  testCases.TC_001_AccountReistrationTest.verify_acc_registration(TC_001_AccountReistrationTest.java:70)oggger - ****Finished TC001_AccountRegistrationTest*****
10:36:35.123 [TestNG-tests-1] INFO  testCases.TC_001_AccountReistrationTest.verify_acc_registration(TC_001_AccountReistrationTest.java:70)oggger - ****Finished TC001_AccountRegistrationTest*****
11:58:02.661 [main] DEBUG org.testng.log4testng.Logger.debug(Logger.java:82)oggger - suiteXmlPath: "C:\Users\User\eclipse-workspace\Java Developer\openCartV121\Maters.xml"
11:58:03.054 [main] INFO  org.testng.log4testng.Logger.info(Logger.java:112)oggger - [TestNG] Running:
  C:\Users\User\eclipse-workspace\Java Developer\openCartV121\Maters.xml

11:58:55.747 [main] DEBUG org.testng.log4testng.Logger.debug(Logger.java:82)oggger - suiteXmlPath: "C:\Users\User\eclipse-workspace\Java Developer\openCartV121\Maters.xml"
11:58:56.255 [main] INFO  org.testng.log4testng.Logger.info(Logger.java:112)oggger - [TestNG] Running:
  C:\Users\User\eclipse-workspace\Java Developer\openCartV121\Maters.xml

12:00:20.341 [main] DEBUG org.testng.log4testng.Logger.debug(Logger.java:82)oggger - suiteXmlPath: "C:\Users\User\eclipse-workspace\Java Developer\openCartV121\Maters.xml"
12:00:20.811 [main] INFO  org.testng.log4testng.Logger.info(Logger.java:112)oggger - [TestNG] Running:
  C:\Users\User\eclipse-workspace\Java Developer\openCartV121\Maters.xml

12:00:27.797 [TestNG-tests-2] INFO  testCases.TC_001_AccountReistrationTest.verify_acc_registration(TC_001_AccountReistrationTest.java:23)oggger - ****Starting TC001_AccountRegistrationTest*****
12:00:28.717 [TestNG-tests-1] INFO  testCases.TC_001_AccountReistrationTest.verify_acc_registration(TC_001_AccountReistrationTest.java:23)oggger - ****Starting TC001_AccountRegistrationTest*****
12:00:28.745 [TestNG-tests-2] INFO  testCases.TC_001_AccountReistrationTest.verify_acc_registration(TC_001_AccountReistrationTest.java:28)oggger - clicking on myaccount...
12:00:29.305 [TestNG-tests-1] INFO  testCases.TC_001_AccountReistrationTest.verify_acc_registration(TC_001_AccountReistrationTest.java:28)oggger - clicking on myaccount...
12:00:30.071 [TestNG-tests-2] INFO  testCases.TC_001_AccountReistrationTest.verify_acc_registration(TC_001_AccountReistrationTest.java:31)oggger - Clicking on Register...
12:00:30.078 [TestNG-tests-2] INFO  testCases.TC_001_AccountReistrationTest.verify_acc_registration(TC_001_AccountReistrationTest.java:35)oggger - Providing customer details...
12:00:30.912 [TestNG-tests-1] INFO  testCases.TC_001_AccountReistrationTest.verify_acc_registration(TC_001_AccountReistrationTest.java:31)oggger - Clicking on Register...
12:00:30.913 [TestNG-tests-1] INFO  testCases.TC_001_AccountReistrationTest.verify_acc_registration(TC_001_AccountReistrationTest.java:35)oggger - Providing customer details...
12:00:34.960 [TestNG-tests-2] INFO  testCases.TC_001_AccountReistrationTest.verify_acc_registration(TC_001_AccountReistrationTest.java:50)oggger - Validating expected message...
12:00:35.033 [TestNG-tests-2] INFO  testCases.TC_001_AccountReistrationTest.verify_acc_registration(TC_001_AccountReistrationTest.java:70)oggger - ****Finished TC001_AccountRegistrationTest*****
12:00:36.196 [TestNG-tests-1] INFO  testCases.TC_001_AccountReistrationTest.verify_acc_registration(TC_001_AccountReistrationTest.java:50)oggger - Validating expected message...
12:00:36.271 [TestNG-tests-1] INFO  testCases.TC_001_AccountReistrationTest.verify_acc_registration(TC_001_AccountReistrationTest.java:70)oggger - ****Finished TC001_AccountRegistrationTest*****
14:53:05.305 [main] DEBUG org.testng.log4testng.Logger.debug(Logger.java:82)oggger - suiteXmlPath: "C:\Users\User\eclipse-workspace\Java Developer\openCartV121\Maters.xml"
14:53:05.704 [main] INFO  org.testng.log4testng.Logger.info(Logger.java:112)oggger - [TestNG] Running:
  C:\Users\User\eclipse-workspace\Java Developer\openCartV121\Maters.xml

14:53:36.320 [main] DEBUG org.testng.log4testng.Logger.debug(Logger.java:82)oggger - suiteXmlPath: "C:\Users\User\eclipse-workspace\Java Developer\openCartV121\Maters.xml"
14:53:36.658 [main] INFO  org.testng.log4testng.Logger.info(Logger.java:112)oggger - [TestNG] Running:
  C:\Users\User\eclipse-workspace\Java Developer\openCartV121\Maters.xml

14:54:10.480 [main] DEBUG org.testng.log4testng.Logger.debug(Logger.java:82)oggger - suiteXmlPath: "C:\Users\User\eclipse-workspace\Java Developer\openCartV121\Maters.xml"
14:54:10.815 [main] INFO  org.testng.log4testng.Logger.info(Logger.java:112)oggger - [TestNG] Running:
  C:\Users\User\eclipse-workspace\Java Developer\openCartV121\Maters.xml

14:56:30.965 [main] DEBUG org.testng.log4testng.Logger.debug(Logger.java:82)oggger - suiteXmlPath: "C:\Users\User\eclipse-workspace\Java Developer\openCartV121\Maters.xml"
14:56:31.572 [main] INFO  org.testng.log4testng.Logger.info(Logger.java:112)oggger - [TestNG] Running:
  C:\Users\User\eclipse-workspace\Java Developer\openCartV121\Maters.xml

14:59:29.595 [main] DEBUG org.testng.log4testng.Logger.debug(Logger.java:82)oggger - suiteXmlPath: "C:\Users\User\eclipse-workspace\Java Developer\openCartV121\testng.xml"
14:59:29.984 [main] INFO  org.testng.log4testng.Logger.info(Logger.java:112)oggger - [TestNG] Running:
  C:\Users\User\eclipse-workspace\Java Developer\openCartV121\testng.xml

15:03:12.908 [main] DEBUG org.testng.log4testng.Logger.debug(Logger.java:82)oggger - suiteXmlPath: "C:\Users\User\eclipse-workspace\Java Developer\openCartV121\Maters.xml"
15:03:13.279 [main] INFO  org.testng.log4testng.Logger.info(Logger.java:112)oggger - [TestNG] Running:
  C:\Users\User\eclipse-workspace\Java Developer\openCartV121\Maters.xml

15:05:33.084 [main] DEBUG org.testng.log4testng.Logger.debug(Logger.java:82)oggger - suiteXmlPath: "C:\Users\User\eclipse-workspace\Java Developer\openCartV121\Maters.xml"
15:05:33.472 [main] INFO  org.testng.log4testng.Logger.info(Logger.java:112)oggger - [TestNG] Running:
  C:\Users\User\eclipse-workspace\Java Developer\openCartV121\Maters.xml

19:41:05.308 [main] INFO  org.testng.log4testng.Logger.info(Logger.java:112)oggger - [TestNG] Running:
  C:\Users\User\eclipse-workspace\Java Developer\openCartV121\Maters.xml

19:41:36.662 [main] INFO  org.testng.log4testng.Logger.info(Logger.java:112)oggger - [TestNG] Running:
  C:\Users\User\eclipse-workspace\Java Developer\openCartV121\Maters.xml

20:03:47.183 [main] INFO  org.testng.log4testng.Logger.info(Logger.java:112)oggger - [TestNG] Running:
  C:\Users\User\eclipse-workspace\Java Developer\openCartV121\testng.xml

20:05:03.015 [main] INFO  org.testng.log4testng.Logger.info(Logger.java:112)oggger - [Utils] MethodGroupsHelper.collectMethodsByGroup() took 1 ms.
20:05:03.022 [main] INFO  org.testng.log4testng.Logger.info(Logger.java:112)oggger - [Utils] MethodGroupsHelper.sortMethods() took 2 ms.
20:05:03.024 [main] INFO  org.testng.log4testng.Logger.info(Logger.java:112)oggger - [Utils] MethodGroupsHelper.collectMethodsByGroup() took 0 ms.
20:05:03.025 [main] INFO  org.testng.log4testng.Logger.info(Logger.java:112)oggger - [Utils] MethodGroupsHelper.sortMethods() took 0 ms.
20:05:03.026 [main] INFO  org.testng.log4testng.Logger.info(Logger.java:112)oggger - [Utils] MethodGroupsHelper.collectMethodsByGroup() took 0 ms.
20:05:03.026 [main] INFO  org.testng.log4testng.Logger.info(Logger.java:112)oggger - [Utils] MethodGroupsHelper.sortMethods() took 0 ms.
20:05:03.028 [main] INFO  org.testng.log4testng.Logger.info(Logger.java:112)oggger - [Utils] MethodGroupsHelper.collectMethodsByGroup() took 0 ms.
20:05:03.028 [main] INFO  org.testng.log4testng.Logger.info(Logger.java:112)oggger - [Utils] MethodGroupsHelper.sortMethods() took 0 ms.
20:05:03.036 [main] INFO  org.testng.log4testng.Logger.info(Logger.java:112)oggger - [Utils] MethodGroupsHelper.collectMethodsByGroup() took 6 ms.
20:05:03.048 [main] INFO  org.testng.log4testng.Logger.info(Logger.java:112)oggger - [Utils] MethodGroupsHelper.sortMethods() took 10 ms.
20:05:03.050 [main] INFO  org.testng.log4testng.Logger.info(Logger.java:112)oggger - [Utils] MethodGroupsHelper.collectMethodsByGroup() took 0 ms.
20:05:03.051 [main] INFO  org.testng.log4testng.Logger.info(Logger.java:112)oggger - [Utils] MethodGroupsHelper.sortMethods() took 0 ms.
20:05:03.052 [main] INFO  org.testng.log4testng.Logger.info(Logger.java:112)oggger - [Utils] MethodGroupsHelper.collectMethodsByGroup() took 0 ms.
20:05:03.052 [main] INFO  org.testng.log4testng.Logger.info(Logger.java:112)oggger - [Utils] MethodGroupsHelper.sortMethods() took 0 ms.
20:05:03.054 [main] INFO  org.testng.log4testng.Logger.info(Logger.java:112)oggger - [Utils] MethodGroupsHelper.collectMethodsByGroup() took 0 ms.
20:05:03.054 [main] INFO  org.testng.log4testng.Logger.info(Logger.java:112)oggger - [Utils] MethodGroupsHelper.sortMethods() took 0 ms.
20:05:03.056 [main] INFO  org.testng.log4testng.Logger.info(Logger.java:112)oggger - [Utils] MethodGroupsHelper.collectMethodsByGroup() took 0 ms.
20:05:03.056 [main] INFO  org.testng.log4testng.Logger.info(Logger.java:112)oggger - [Utils] MethodGroupsHelper.sortMethods() took 0 ms.
20:05:03.058 [main] INFO  org.testng.log4testng.Logger.info(Logger.java:112)oggger - [Utils] MethodGroupsHelper.collectMethodsByGroup() took 0 ms.
20:05:03.058 [main] INFO  org.testng.log4testng.Logger.info(Logger.java:112)oggger - [Utils] MethodGroupsHelper.sortMethods() took 0 ms.
20:05:03.061 [main] INFO  org.testng.log4testng.Logger.info(Logger.java:112)oggger - [Utils] MethodGroupsHelper.collectMethodsByGroup() took 0 ms.
20:05:03.062 [main] INFO  org.testng.log4testng.Logger.info(Logger.java:112)oggger - [Utils] MethodGroupsHelper.sortMethods() took 0 ms.
20:05:03.062 [main] INFO  org.testng.log4testng.Logger.info(Logger.java:112)oggger - [Utils] MethodGroupsHelper.collectMethodsByGroup() took 0 ms.
20:05:03.062 [main] INFO  org.testng.log4testng.Logger.info(Logger.java:112)oggger - [Utils] MethodGroupsHelper.sortMethods() took 0 ms.
20:05:03.064 [main] INFO  org.testng.log4testng.Logger.info(Logger.java:112)oggger - [Utils] MethodGroupsHelper.collectMethodsByGroup() took 0 ms.
20:05:03.065 [main] INFO  org.testng.log4testng.Logger.info(Logger.java:112)oggger - [Utils] MethodGroupsHelper.sortMethods() took 0 ms.
20:05:03.066 [main] INFO  org.testng.log4testng.Logger.info(Logger.java:112)oggger - [Utils] MethodGroupsHelper.collectMethodsByGroup() took 0 ms.
20:05:03.067 [main] INFO  org.testng.log4testng.Logger.info(Logger.java:112)oggger - [Utils] MethodGroupsHelper.sortMethods() took 0 ms.
20:05:03.068 [main] INFO  org.testng.log4testng.Logger.info(Logger.java:112)oggger - [Utils] MethodGroupsHelper.collectMethodsByGroup() took 0 ms.
20:05:03.068 [main] INFO  org.testng.log4testng.Logger.info(Logger.java:112)oggger - [Utils] MethodGroupsHelper.sortMethods() took 0 ms.
20:05:03.079 [main] INFO  org.testng.log4testng.Logger.info(Logger.java:112)oggger - [TestNG] Running:
  C:\Users\User\AppData\Local\Temp\testng-eclipse-1334709792\testng-customsuite.xml

20:05:03.107 [main] INFO  org.testng.log4testng.Logger.info(Logger.java:112)oggger - [Utils] DynamicGraphHelper.createDynamicGraph() took 7 ms.
20:05:03.728 [main] INFO  org.testng.log4testng.Logger.info(Logger.java:112)oggger - [TestNG] Time taken by org.testng.reporters.jq.Main@1af146: 249 ms
20:05:03.749 [main] INFO  org.testng.log4testng.Logger.info(Logger.java:112)oggger - [TestNG] Time taken by org.testng.reporters.FailedReporter@20a8a64e: 21 ms
20:05:03.765 [main] INFO  org.testng.log4testng.Logger.info(Logger.java:112)oggger - [TestNG] Time taken by org.testng.reporters.XMLReporter@63b1d4fa: 16 ms
20:05:03.778 [main] INFO  org.testng.log4testng.Logger.info(Logger.java:112)oggger - [TestNG] Time taken by org.testng.reporters.EmailableReporter2@4c4d27c8: 13 ms
20:05:03.792 [main] INFO  org.testng.log4testng.Logger.info(Logger.java:112)oggger - [TestNG] Time taken by org.testng.reporters.JUnitReportReporter@10993713: 13 ms
20:05:03.792 [main] INFO  org.testng.log4testng.Logger.info(Logger.java:112)oggger - [TestNG] Time taken by org.testng.internal.ExitCodeListener@58359ebd: 0 ms
20:08:09.165 [main] INFO  org.testng.log4testng.Logger.info(Logger.java:112)oggger - [TestNG] Running:
  C:\Users\User\eclipse-workspace\Java Developer\openCartV121\testng.xml

20:08:17.194 [main] INFO  testCases.TC_001_AccountReistrationTest.verify_acc_registration(TC_001_AccountReistrationTest.java:23)oggger - ****Starting TC001_AccountRegistrationTest*****
20:08:18.135 [main] INFO  testCases.TC_001_AccountReistrationTest.verify_acc_registration(TC_001_AccountReistrationTest.java:28)oggger - clicking on myaccount...
20:08:19.018 [main] INFO  testCases.TC_001_AccountReistrationTest.verify_acc_registration(TC_001_AccountReistrationTest.java:31)oggger - Clicking on Register...
20:08:19.022 [main] INFO  testCases.TC_001_AccountReistrationTest.verify_acc_registration(TC_001_AccountReistrationTest.java:35)oggger - Providing customer details...
20:08:22.841 [main] INFO  testCases.TC_001_AccountReistrationTest.verify_acc_registration(TC_001_AccountReistrationTest.java:50)oggger - Validating expected message...
20:08:22.893 [main] INFO  testCases.TC_001_AccountReistrationTest.verify_acc_registration(TC_001_AccountReistrationTest.java:70)oggger - ****Finished TC001_AccountRegistrationTest*****
20:12:15.317 [main] INFO  org.testng.log4testng.Logger.info(Logger.java:112)oggger - [TestNG] Running:
  C:\Users\User\eclipse-workspace\Java Developer\openCartV121\testng.xml

20:13:06.947 [main] INFO  org.testng.log4testng.Logger.info(Logger.java:112)oggger - [TestNG] Running:
  C:\Users\User\eclipse-workspace\Java Developer\openCartV121\testng.xml

20:17:04.012 [main] INFO  org.testng.log4testng.Logger.info(Logger.java:112)oggger - [TestNG] Running:
  C:\Users\User\eclipse-workspace\Java Developer\openCartV121\testng.xml

20:19:58.897 [main] INFO  org.testng.log4testng.Logger.info(Logger.java:112)oggger - [TestNG] Running:
  C:\Users\User\eclipse-workspace\Java Developer\openCartV121\testng.xml

09:13:47.766 [main] INFO  org.testng.log4testng.Logger.info(Logger.java:112)oggger - [TestNG] Running:
  C:\Users\User\eclipse-workspace\Java Developer\openCartV121\testng.xml

09:16:14.514 [main] INFO  org.testng.log4testng.Logger.info(Logger.java:112)oggger - [TestNG] Running:
  C:\Users\User\eclipse-workspace\Java Developer\openCartV121\testng.xml

09:16:14.625 [main] INFO  testCases.TC_001_AccountReistrationTest.verify_acc_registration(TC_001_AccountReistrationTest.java:23)oggger - ****Starting TC001_AccountRegistrationTest*****
09:17:10.795 [main] INFO  org.testng.log4testng.Logger.info(Logger.java:112)oggger - [TestNG] Running:
  C:\Users\User\eclipse-workspace\Java Developer\openCartV121\testng.xml

09:17:17.088 [main] INFO  testCases.TC_001_AccountReistrationTest.verify_acc_registration(TC_001_AccountReistrationTest.java:23)oggger - ****Starting TC001_AccountRegistrationTest*****
09:17:18.034 [main] INFO  testCases.TC_001_AccountReistrationTest.verify_acc_registration(TC_001_AccountReistrationTest.java:28)oggger - clicking on myaccount...
09:17:19.355 [main] INFO  testCases.TC_001_AccountReistrationTest.verify_acc_registration(TC_001_AccountReistrationTest.java:31)oggger - Clicking on Register...
09:17:19.361 [main] INFO  testCases.TC_001_AccountReistrationTest.verify_acc_registration(TC_001_AccountReistrationTest.java:35)oggger - Providing customer details...
09:17:23.604 [main] INFO  testCases.TC_001_AccountReistrationTest.verify_acc_registration(TC_001_AccountReistrationTest.java:50)oggger - Validating expected message...
09:17:23.658 [main] INFO  testCases.TC_001_AccountReistrationTest.verify_acc_registration(TC_001_AccountReistrationTest.java:70)oggger - ****Finished TC001_AccountRegistrationTest*****
09:25:13.583 [main] INFO  org.testng.log4testng.Logger.info(Logger.java:112)oggger - [TestNG] Running:
  C:\Users\User\eclipse-workspace\Java Developer\openCartV121\testng.xml

08:58:51.017 [main] INFO  org.testng.log4testng.Logger.info(Logger.java:112)oggger - [TestNG] Running:
  C:\Users\User\eclipse-workspace\Java Developer\openCartV121\Master.xml

08:26:58.131 [main] INFO  org.testng.log4testng.Logger.info(Logger.java:112)oggger - [TestNG] Running:
  C:\Users\User\eclipse-workspace\Java Developer\openCartV121\Master.xml

09:00:44.319 [main] INFO  org.testng.log4testng.Logger.info(Logger.java:112)oggger - [TestNG] Running:
  C:\Users\User\eclipse-workspace\Java Developer\openCartV121\CrossBrowser.xml

09:00:50.502 [main] INFO  testCases.TC_001_AccountReistrationTest.verify_acc_registration(TC_001_AccountReistrationTest.java:23)oggger - ****Starting TC001_AccountRegistrationTest*****
09:00:51.365 [main] INFO  testCases.TC_001_AccountReistrationTest.verify_acc_registration(TC_001_AccountReistrationTest.java:28)oggger - clicking on myaccount...
09:00:52.191 [main] INFO  testCases.TC_001_AccountReistrationTest.verify_acc_registration(TC_001_AccountReistrationTest.java:31)oggger - Clicking on Register...
09:00:52.219 [main] INFO  testCases.TC_001_AccountReistrationTest.verify_acc_registration(TC_001_AccountReistrationTest.java:35)oggger - Providing customer details...
09:00:56.503 [main] INFO  testCases.TC_001_AccountReistrationTest.verify_acc_registration(TC_001_AccountReistrationTest.java:50)oggger - Validating expected message...
09:00:56.564 [main] INFO  testCases.TC_001_AccountReistrationTest.verify_acc_registration(TC_001_AccountReistrationTest.java:70)oggger - ****Finished TC001_AccountRegistrationTest*****
09:04:51.256 [main] INFO  org.testng.log4testng.Logger.info(Logger.java:112)oggger - [TestNG] Running:
  C:\Users\User\eclipse-workspace\Java Developer\openCartV121\CrossBrowser.xml

09:04:59.172 [TestNG-tests-1] INFO  testCases.TC_001_AccountReistrationTest.verify_acc_registration(TC_001_AccountReistrationTest.java:23)oggger - ****Starting TC001_AccountRegistrationTest*****
09:04:59.203 [TestNG-tests-2] INFO  testCases.TC_001_AccountReistrationTest.verify_acc_registration(TC_001_AccountReistrationTest.java:23)oggger - ****Starting TC001_AccountRegistrationTest*****
09:04:59.542 [TestNG-tests-1] INFO  testCases.TC_001_AccountReistrationTest.verify_acc_registration(TC_001_AccountReistrationTest.java:28)oggger - clicking on myaccount...
09:04:59.616 [TestNG-tests-2] INFO  testCases.TC_001_AccountReistrationTest.verify_acc_registration(TC_001_AccountReistrationTest.java:28)oggger - clicking on myaccount...
09:05:00.742 [TestNG-tests-1] INFO  testCases.TC_001_AccountReistrationTest.verify_acc_registration(TC_001_AccountReistrationTest.java:31)oggger - Clicking on Register...
09:05:00.756 [TestNG-tests-1] INFO  testCases.TC_001_AccountReistrationTest.verify_acc_registration(TC_001_AccountReistrationTest.java:35)oggger - Providing customer details...
09:05:01.748 [TestNG-tests-2] INFO  testCases.TC_001_AccountReistrationTest.verify_acc_registration(TC_001_AccountReistrationTest.java:31)oggger - Clicking on Register...
09:05:01.750 [TestNG-tests-2] INFO  testCases.TC_001_AccountReistrationTest.verify_acc_registration(TC_001_AccountReistrationTest.java:35)oggger - Providing customer details...
09:05:06.085 [TestNG-tests-1] INFO  testCases.TC_001_AccountReistrationTest.verify_acc_registration(TC_001_AccountReistrationTest.java:50)oggger - Validating expected message...
09:05:06.140 [TestNG-tests-2] INFO  testCases.TC_001_AccountReistrationTest.verify_acc_registration(TC_001_AccountReistrationTest.java:50)oggger - Validating expected message...
09:05:06.164 [TestNG-tests-1] INFO  testCases.TC_001_AccountReistrationTest.verify_acc_registration(TC_001_AccountReistrationTest.java:70)oggger - ****Finished TC001_AccountRegistrationTest*****
09:05:06.274 [TestNG-tests-2] INFO  testCases.TC_001_AccountReistrationTest.verify_acc_registration(TC_001_AccountReistrationTest.java:70)oggger - ****Finished TC001_AccountRegistrationTest*****
09:11:17.365 [main] INFO  org.testng.log4testng.Logger.info(Logger.java:112)oggger - [TestNG] Running:
  C:\Users\User\eclipse-workspace\Java Developer\openCartV121\Master2.xml

09:11:22.137 [main] INFO  testCases.TC_001_AccountReistrationTest.verify_acc_registration(TC_001_AccountReistrationTest.java:23)oggger - ****Starting TC001_AccountRegistrationTest*****
09:11:22.507 [main] INFO  testCases.TC_001_AccountReistrationTest.verify_acc_registration(TC_001_AccountReistrationTest.java:28)oggger - clicking on myaccount...
09:11:23.249 [main] INFO  testCases.TC_001_AccountReistrationTest.verify_acc_registration(TC_001_AccountReistrationTest.java:31)oggger - Clicking on Register...
09:11:23.253 [main] INFO  testCases.TC_001_AccountReistrationTest.verify_acc_registration(TC_001_AccountReistrationTest.java:35)oggger - Providing customer details...
09:11:26.799 [main] INFO  testCases.TC_001_AccountReistrationTest.verify_acc_registration(TC_001_AccountReistrationTest.java:50)oggger - Validating expected message...
09:11:26.872 [main] INFO  testCases.TC_001_AccountReistrationTest.verify_acc_registration(TC_001_AccountReistrationTest.java:70)oggger - ****Finished TC001_AccountRegistrationTest*****
09:13:22.417 [main] INFO  org.testng.log4testng.Logger.info(Logger.java:112)oggger - [TestNG] Running:
  C:\Users\User\eclipse-workspace\Java Developer\openCartV121\Master2.xml

09:15:25.715 [main] INFO  org.testng.log4testng.Logger.info(Logger.java:112)oggger - [TestNG] Running:
  C:\Users\User\eclipse-workspace\Java Developer\openCartV121\testng.xml

09:15:29.703 [main] INFO  testCases.TC_001_AccountReistrationTest.verify_acc_registration(TC_001_AccountReistrationTest.java:23)oggger - ****Starting TC001_AccountRegistrationTest*****
09:15:30.637 [main] INFO  testCases.TC_001_AccountReistrationTest.verify_acc_registration(TC_001_AccountReistrationTest.java:28)oggger - clicking on myaccount...
09:15:31.441 [main] INFO  testCases.TC_001_AccountReistrationTest.verify_acc_registration(TC_001_AccountReistrationTest.java:31)oggger - Clicking on Register...
09:15:31.445 [main] INFO  testCases.TC_001_AccountReistrationTest.verify_acc_registration(TC_001_AccountReistrationTest.java:35)oggger - Providing customer details...
09:15:35.215 [main] INFO  testCases.TC_001_AccountReistrationTest.verify_acc_registration(TC_001_AccountReistrationTest.java:50)oggger - Validating expected message...
09:15:35.272 [main] INFO  testCases.TC_001_AccountReistrationTest.verify_acc_registration(TC_001_AccountReistrationTest.java:70)oggger - ****Finished TC001_AccountRegistrationTest*****
09:21:38.337 [main] INFO  org.testng.log4testng.Logger.info(Logger.java:112)oggger - [TestNG] Running:
  C:\Users\User\eclipse-workspace\Java Developer\openCartV121\testng.xml

09:18:31.005 [main] INFO  org.testng.log4testng.Logger.info(Logger.java:112)oggger - [TestNG] Running:
  C:\Users\User\eclipse-workspace\Java Developer\openCartV121\testng.xml

09:21:23.659 [main] INFO  org.testng.log4testng.Logger.info(Logger.java:112)oggger - [TestNG] Running:
  C:\Users\User\eclipse-workspace\Java Developer\openCartV121\testng.xml

09:21:41.074 [main] INFO  org.testng.log4testng.Logger.info(Logger.java:112)oggger - [TestNG] Running:
  C:\Users\User\eclipse-workspace\Java Developer\openCartV121\testng.xml

09:23:11.565 [main] INFO  org.testng.log4testng.Logger.info(Logger.java:112)oggger - [TestNG] Running:
  C:\Users\User\eclipse-workspace\Java Developer\openCartV121\testng.xml

09:25:15.446 [main] INFO  org.testng.log4testng.Logger.info(Logger.java:112)oggger - [TestNG] Running:
  C:\Users\User\eclipse-workspace\Java Developer\openCartV121\testng.xml

09:25:19.753 [main] INFO  testCases.TC_001_AccountReistrationTest.verify_acc_registration(TC_001_AccountReistrationTest.java:23)oggger - ****Starting TC001_AccountRegistrationTest*****
09:25:20.674 [main] INFO  testCases.TC_001_AccountReistrationTest.verify_acc_registration(TC_001_AccountReistrationTest.java:28)oggger - clicking on myaccount...
09:25:21.900 [main] INFO  testCases.TC_001_AccountReistrationTest.verify_acc_registration(TC_001_AccountReistrationTest.java:31)oggger - Clicking on Register...
09:25:21.931 [main] INFO  testCases.TC_001_AccountReistrationTest.verify_acc_registration(TC_001_AccountReistrationTest.java:35)oggger - Providing customer details...
09:25:26.171 [main] INFO  testCases.TC_001_AccountReistrationTest.verify_acc_registration(TC_001_AccountReistrationTest.java:50)oggger - Validating expected message...
09:25:26.224 [main] INFO  testCases.TC_001_AccountReistrationTest.verify_acc_registration(TC_001_AccountReistrationTest.java:70)oggger - ****Finished TC001_AccountRegistrationTest*****
09:26:15.176 [main] INFO  org.testng.log4testng.Logger.info(Logger.java:112)oggger - [TestNG] Running:
  C:\Users\User\eclipse-workspace\Java Developer\openCartV121\testng.xml

09:35:56.896 [main] INFO  org.testng.log4testng.Logger.info(Logger.java:112)oggger - [TestNG] Running:
  C:\Users\User\eclipse-workspace\Java Developer\openCartV121\testng.xml

10:46:43.830 [main] INFO  org.testng.log4testng.Logger.info(Logger.java:112)oggger - [TestNG] Running:
  C:\Users\User\eclipse-workspace\Java Developer\openCartV121\testng.xml

10:46:49.915 [main] INFO  testCases.TC_001_AccountReistrationTest.verify_acc_registration(TC_001_AccountReistrationTest.java:23)oggger - ****Starting TC001_AccountRegistrationTest*****
10:46:50.204 [main] INFO  testCases.TC_001_AccountReistrationTest.verify_acc_registration(TC_001_AccountReistrationTest.java:28)oggger - clicking on myaccount...
10:46:51.025 [main] INFO  testCases.TC_001_AccountReistrationTest.verify_acc_registration(TC_001_AccountReistrationTest.java:31)oggger - Clicking on Register...
10:46:51.029 [main] INFO  testCases.TC_001_AccountReistrationTest.verify_acc_registration(TC_001_AccountReistrationTest.java:35)oggger - Providing customer details...
10:46:54.638 [main] INFO  testCases.TC_001_AccountReistrationTest.verify_acc_registration(TC_001_AccountReistrationTest.java:50)oggger - Validating expected message...
10:46:54.692 [main] INFO  testCases.TC_001_AccountReistrationTest.verify_acc_registration(TC_001_AccountReistrationTest.java:70)oggger - ****Finished TC001_AccountRegistrationTest*****
10:49:21.731 [main] INFO  org.testng.log4testng.Logger.info(Logger.java:112)oggger - [TestNG] Running:
  C:\Users\User\eclipse-workspace\Java Developer\openCartV121\testng.xml

10:53:26.951 [main] INFO  org.testng.log4testng.Logger.info(Logger.java:112)oggger - [TestNG] Running:
  C:\Users\User\eclipse-workspace\Java Developer\openCartV121\testng.xml

10:59:13.655 [main] INFO  org.testng.log4testng.Logger.info(Logger.java:112)oggger - [TestNG] Running:
  C:\Users\User\eclipse-workspace\Java Developer\openCartV121\testng.xml

10:59:18.052 [main] INFO  testCases.TC_002_LoginTest.verifyLogin(TC_002_LoginTest.java:16)oggger - ****Starting TC_002_LoginTest*****
11:00:38.448 [main] INFO  org.testng.log4testng.Logger.info(Logger.java:112)oggger - [TestNG] Running:
  C:\Users\User\eclipse-workspace\Java Developer\openCartV121\testng.xml

11:00:42.298 [main] INFO  testCases.TC_002_LoginTest.verifyLogin(TC_002_LoginTest.java:16)oggger - ****Starting TC_002_LoginTest*****
11:00:44.876 [main] INFO  testCases.TC_002_LoginTest.verifyLogin(TC_002_LoginTest.java:40)oggger - ***Finishing TC_002_LoginTest**** 
21:59:15.966 [main] INFO  org.testng.log4testng.Logger.info(Logger.java:112)oggger - [TestNG] Running:
  C:\Users\User\eclipse-workspace\Java Developer\openCartV121\Mater.xml

21:59:27.952 [main] INFO  testCases.TC_003_LoginDDT.Verify_LoginDDT(TC_003_LoginDDT.java:17)oggger - ****TC_003_LoginDDt Starting*****
21:59:29.176 [main] INFO  testCases.TC_003_LoginDDT.Verify_LoginDDT(TC_003_LoginDDT.java:17)oggger - ****TC_003_LoginDDt Starting*****
21:59:29.984 [main] INFO  testCases.TC_003_LoginDDT.Verify_LoginDDT(TC_003_LoginDDT.java:17)oggger - ****TC_003_LoginDDt Starting*****
21:59:30.727 [main] INFO  testCases.TC_003_LoginDDT.Verify_LoginDDT(TC_003_LoginDDT.java:17)oggger - ****TC_003_LoginDDt Starting*****
21:59:31.425 [main] INFO  testCases.TC_003_LoginDDT.Verify_LoginDDT(TC_003_LoginDDT.java:17)oggger - ****TC_003_LoginDDt Starting*****
22:01:58.045 [main] INFO  org.testng.log4testng.Logger.info(Logger.java:112)oggger - [Utils] MethodGroupsHelper.collectMethodsByGroup() took 1 ms.
22:01:58.052 [main] INFO  org.testng.log4testng.Logger.info(Logger.java:112)oggger - [Utils] MethodGroupsHelper.sortMethods() took 2 ms.
22:01:58.054 [main] INFO  org.testng.log4testng.Logger.info(Logger.java:112)oggger - [Utils] MethodGroupsHelper.collectMethodsByGroup() took 0 ms.
22:01:58.054 [main] INFO  org.testng.log4testng.Logger.info(Logger.java:112)oggger - [Utils] MethodGroupsHelper.sortMethods() took 0 ms.
22:01:58.055 [main] INFO  org.testng.log4testng.Logger.info(Logger.java:112)oggger - [Utils] MethodGroupsHelper.collectMethodsByGroup() took 0 ms.
22:01:58.056 [main] INFO  org.testng.log4testng.Logger.info(Logger.java:112)oggger - [Utils] MethodGroupsHelper.sortMethods() took 0 ms.
22:01:58.057 [main] INFO  org.testng.log4testng.Logger.info(Logger.java:112)oggger - [Utils] MethodGroupsHelper.collectMethodsByGroup() took 0 ms.
22:01:58.057 [main] INFO  org.testng.log4testng.Logger.info(Logger.java:112)oggger - [Utils] MethodGroupsHelper.sortMethods() took 0 ms.
22:01:58.065 [main] INFO  org.testng.log4testng.Logger.info(Logger.java:112)oggger - [Utils] MethodGroupsHelper.collectMethodsByGroup() took 5 ms.
22:01:58.077 [main] INFO  org.testng.log4testng.Logger.info(Logger.java:112)oggger - [Utils] MethodGroupsHelper.sortMethods() took 10 ms.
22:01:58.078 [main] INFO  org.testng.log4testng.Logger.info(Logger.java:112)oggger - [Utils] MethodGroupsHelper.collectMethodsByGroup() took 0 ms.
22:01:58.079 [main] INFO  org.testng.log4testng.Logger.info(Logger.java:112)oggger - [Utils] MethodGroupsHelper.sortMethods() took 0 ms.
22:01:58.080 [main] INFO  org.testng.log4testng.Logger.info(Logger.java:112)oggger - [Utils] MethodGroupsHelper.collectMethodsByGroup() took 0 ms.
22:01:58.080 [main] INFO  org.testng.log4testng.Logger.info(Logger.java:112)oggger - [Utils] MethodGroupsHelper.sortMethods() took 0 ms.
22:01:58.081 [main] INFO  org.testng.log4testng.Logger.info(Logger.java:112)oggger - [Utils] MethodGroupsHelper.collectMethodsByGroup() took 0 ms.
22:01:58.081 [main] INFO  org.testng.log4testng.Logger.info(Logger.java:112)oggger - [Utils] MethodGroupsHelper.sortMethods() took 0 ms.
22:01:58.084 [main] INFO  org.testng.log4testng.Logger.info(Logger.java:112)oggger - [Utils] MethodGroupsHelper.collectMethodsByGroup() took 0 ms.
22:01:58.084 [main] INFO  org.testng.log4testng.Logger.info(Logger.java:112)oggger - [Utils] MethodGroupsHelper.sortMethods() took 0 ms.
22:01:58.085 [main] INFO  org.testng.log4testng.Logger.info(Logger.java:112)oggger - [Utils] MethodGroupsHelper.collectMethodsByGroup() took 0 ms.
22:01:58.085 [main] INFO  org.testng.log4testng.Logger.info(Logger.java:112)oggger - [Utils] MethodGroupsHelper.sortMethods() took 0 ms.
22:01:58.088 [main] INFO  org.testng.log4testng.Logger.info(Logger.java:112)oggger - [Utils] MethodGroupsHelper.collectMethodsByGroup() took 0 ms.
22:01:58.089 [main] INFO  org.testng.log4testng.Logger.info(Logger.java:112)oggger - [Utils] MethodGroupsHelper.sortMethods() took 0 ms.
