22:01:58.089 [main] INFO  org.testng.log4testng.Logger.info(Logger.java:112)oggger - [Utils] MethodGroupsHelper.collectMethodsByGroup() took 0 ms.
22:01:58.096 [main] INFO  org.testng.log4testng.Logger.info(Logger.java:112)oggger - [Utils] MethodGroupsHelper.sortMethods() took 0 ms.
22:01:58.097 [main] INFO  org.testng.log4testng.Logger.info(Logger.java:112)oggger - [Utils] MethodGroupsHelper.collectMethodsByGroup() took 0 ms.
22:01:58.099 [main] INFO  org.testng.log4testng.Logger.info(Logger.java:112)oggger - [Utils] MethodGroupsHelper.sortMethods() took 0 ms.
22:01:58.100 [main] INFO  org.testng.log4testng.Logger.info(Logger.java:112)oggger - [Utils] MethodGroupsHelper.collectMethodsByGroup() took 0 ms.
22:01:58.104 [main] INFO  org.testng.log4testng.Logger.info(Logger.java:112)oggger - [Utils] MethodGroupsHelper.sortMethods() took 0 ms.
22:01:58.105 [main] INFO  org.testng.log4testng.Logger.info(Logger.java:112)oggger - [Utils] MethodGroupsHelper.collectMethodsByGroup() took 0 ms.
22:01:58.105 [main] INFO  org.testng.log4testng.Logger.info(Logger.java:112)oggger - [Utils] MethodGroupsHelper.sortMethods() took 0 ms.
22:01:58.119 [main] INFO  org.testng.log4testng.Logger.info(Logger.java:112)oggger - [TestNG] Running:
  C:\Users\User\AppData\Local\Temp\testng-eclipse-1601468730\testng-customsuite.xml

22:01:58.154 [main] INFO  org.testng.log4testng.Logger.info(Logger.java:112)oggger - [Utils] DynamicGraphHelper.createDynamicGraph() took 8 ms.
22:01:59.924 [main] INFO  org.testng.log4testng.Logger.info(Logger.java:112)oggger - [TestNG] Time taken by org.testng.reporters.jq.Main@4b2a30d: 130 ms
22:01:59.954 [main] INFO  org.testng.log4testng.Logger.info(Logger.java:112)oggger - [TestNG] Time taken by org.testng.reporters.FailedReporter@4d0b0fd4: 29 ms
22:01:59.981 [main] INFO  org.testng.log4testng.Logger.info(Logger.java:112)oggger - [TestNG] Time taken by org.testng.reporters.XMLReporter@ecfbe91: 27 ms
22:02:00.016 [main] INFO  org.testng.log4testng.Logger.info(Logger.java:112)oggger - [TestNG] Time taken by org.testng.reporters.EmailableReporter2@441cc260: 33 ms
22:02:00.051 [main] INFO  org.testng.log4testng.Logger.info(Logger.java:112)oggger - [TestNG] Time taken by org.testng.reporters.JUnitReportReporter@3b569985: 29 ms
22:02:00.051 [main] INFO  org.testng.log4testng.Logger.info(Logger.java:112)oggger - [TestNG] Time taken by org.testng.internal.ExitCodeListener@3a022576: 0 ms
22:06:06.722 [main] INFO  org.testng.log4testng.Logger.info(Logger.java:112)oggger - [TestNG] Running:
  C:\Users\User\eclipse-workspace\Java Developer\openCartV121\Mater.xml

22:06:12.885 [main] INFO  testCases.TC_003_LoginDDT.Verify_LoginDDT(TC_003_LoginDDT.java:17)oggger - ****TC_003_LoginDDt Starting*****
22:06:13.916 [main] INFO  testCases.TC_003_LoginDDT.Verify_LoginDDT(TC_003_LoginDDT.java:17)oggger - ****TC_003_LoginDDt Starting*****
22:06:14.613 [main] INFO  testCases.TC_003_LoginDDT.Verify_LoginDDT(TC_003_LoginDDT.java:17)oggger - ****TC_003_LoginDDt Starting*****
22:06:15.280 [main] INFO  testCases.TC_003_LoginDDT.Verify_LoginDDT(TC_003_LoginDDT.java:17)oggger - ****TC_003_LoginDDt Starting*****
22:06:15.903 [main] INFO  testCases.TC_003_LoginDDT.Verify_LoginDDT(TC_003_LoginDDT.java:17)oggger - ****TC_003_LoginDDt Starting*****
22:07:49.025 [main] INFO  org.testng.log4testng.Logger.info(Logger.java:112)oggger - [TestNG] Running:
  C:\Users\User\eclipse-workspace\Java Developer\openCartV121\Mater.xml

22:07:55.618 [main] INFO  testCases.TC_003_LoginDDT.Verify_LoginDDT(TC_003_LoginDDT.java:17)oggger - ****TC_003_LoginDDt Starting*****
22:07:56.701 [main] INFO  testCases.TC_003_LoginDDT.Verify_LoginDDT(TC_003_LoginDDT.java:17)oggger - ****TC_003_LoginDDt Starting*****
22:07:57.435 [main] INFO  testCases.TC_003_LoginDDT.Verify_LoginDDT(TC_003_LoginDDT.java:17)oggger - ****TC_003_LoginDDt Starting*****
22:07:58.098 [main] INFO  testCases.TC_003_LoginDDT.Verify_LoginDDT(TC_003_LoginDDT.java:17)oggger - ****TC_003_LoginDDt Starting*****
22:07:58.801 [main] INFO  testCases.TC_003_LoginDDT.Verify_LoginDDT(TC_003_LoginDDT.java:17)oggger - ****TC_003_LoginDDt Starting*****
22:09:33.617 [main] INFO  org.testng.log4testng.Logger.info(Logger.java:112)oggger - [TestNG] Running:
  C:\Users\User\eclipse-workspace\Java Developer\openCartV121\Mater.xml

22:09:40.227 [main] INFO  testCases.TC_003_LoginDDT.Verify_LoginDDT(TC_003_LoginDDT.java:17)oggger - ****TC_003_LoginDDt Starting*****
22:09:41.244 [main] INFO  testCases.TC_003_LoginDDT.Verify_LoginDDT(TC_003_LoginDDT.java:17)oggger - ****TC_003_LoginDDt Starting*****
22:09:41.982 [main] INFO  testCases.TC_003_LoginDDT.Verify_LoginDDT(TC_003_LoginDDT.java:17)oggger - ****TC_003_LoginDDt Starting*****
22:09:42.620 [main] INFO  testCases.TC_003_LoginDDT.Verify_LoginDDT(TC_003_LoginDDT.java:17)oggger - ****TC_003_LoginDDt Starting*****
22:09:43.319 [main] INFO  testCases.TC_003_LoginDDT.Verify_LoginDDT(TC_003_LoginDDT.java:17)oggger - ****TC_003_LoginDDt Starting*****
08:31:10.603 [main] INFO  org.testng.log4testng.Logger.info(Logger.java:112)oggger - [TestNG] Running:
  C:\Users\User\eclipse-workspace\Java Developer\openCartV121\Mater.xml

08:31:19.177 [main] INFO  testCases.TC_003_LoginDDT.Verify_LoginDDT(TC_003_LoginDDT.java:17)oggger - ****TC_003_LoginDDt Starting*****
08:31:20.251 [main] INFO  testCases.TC_003_LoginDDT.Verify_LoginDDT(TC_003_LoginDDT.java:17)oggger - ****TC_003_LoginDDt Starting*****
08:31:20.986 [main] INFO  testCases.TC_003_LoginDDT.Verify_LoginDDT(TC_003_LoginDDT.java:17)oggger - ****TC_003_LoginDDt Starting*****
08:31:21.816 [main] INFO  testCases.TC_003_LoginDDT.Verify_LoginDDT(TC_003_LoginDDT.java:17)oggger - ****TC_003_LoginDDt Starting*****
08:31:22.518 [main] INFO  testCases.TC_003_LoginDDT.Verify_LoginDDT(TC_003_LoginDDT.java:17)oggger - ****TC_003_LoginDDt Starting*****
08:46:20.744 [main] INFO  org.testng.log4testng.Logger.info(Logger.java:112)oggger - [TestNG] Running:
  C:\Users\User\eclipse-workspace\Java Developer\openCartV121\Mater.xml

08:46:27.335 [main] INFO  testCases.TC_003_LoginDDT.Verify_LoginDDT(TC_003_LoginDDT.java:17)oggger - ****TC_003_LoginDDt Starting*****
08:46:28.468 [main] INFO  testCases.TC_003_LoginDDT.Verify_LoginDDT(TC_003_LoginDDT.java:17)oggger - ****TC_003_LoginDDt Starting*****
08:46:29.191 [main] INFO  testCases.TC_003_LoginDDT.Verify_LoginDDT(TC_003_LoginDDT.java:17)oggger - ****TC_003_LoginDDt Starting*****
08:46:29.808 [main] INFO  testCases.TC_003_LoginDDT.Verify_LoginDDT(TC_003_LoginDDT.java:17)oggger - ****TC_003_LoginDDt Starting*****
08:46:30.480 [main] INFO  testCases.TC_003_LoginDDT.Verify_LoginDDT(TC_003_LoginDDT.java:17)oggger - ****TC_003_LoginDDt Starting*****
09:16:38.179 [main] INFO  org.testng.log4testng.Logger.info(Logger.java:112)oggger - [TestNG] Running:
  C:\Users\User\eclipse-workspace\Java Developer\openCartV121\Mater.xml

09:16:45.968 [main] INFO  testCases.TC_003_LoginDDT.Verify_LoginDDT(TC_003_LoginDDT.java:17)oggger - ****TC_003_LoginDDt Starting*****
09:16:47.088 [main] INFO  testCases.TC_003_LoginDDT.Verify_LoginDDT(TC_003_LoginDDT.java:17)oggger - ****TC_003_LoginDDt Starting*****
09:16:47.834 [main] INFO  testCases.TC_003_LoginDDT.Verify_LoginDDT(TC_003_LoginDDT.java:17)oggger - ****TC_003_LoginDDt Starting*****
09:16:48.518 [main] INFO  testCases.TC_003_LoginDDT.Verify_LoginDDT(TC_003_LoginDDT.java:17)oggger - ****TC_003_LoginDDt Starting*****
09:16:49.206 [main] INFO  testCases.TC_003_LoginDDT.Verify_LoginDDT(TC_003_LoginDDT.java:17)oggger - ****TC_003_LoginDDt Starting*****
09:36:21.744 [main] INFO  org.testng.log4testng.Logger.info(Logger.java:112)oggger - [TestNG] Running:
  C:\Users\User\eclipse-workspace\Java Developer\openCartV121\Mater.xml

09:36:28.816 [main] INFO  testCases.TC_003_LoginDDT.Verify_LoginDDT(TC_003_LoginDDT.java:17)oggger - ****TC_003_LoginDDt Starting*****
09:36:29.989 [main] INFO  testCases.TC_003_LoginDDT.Verify_LoginDDT(TC_003_LoginDDT.java:17)oggger - ****TC_003_LoginDDt Starting*****
09:36:30.650 [main] INFO  testCases.TC_003_LoginDDT.Verify_LoginDDT(TC_003_LoginDDT.java:17)oggger - ****TC_003_LoginDDt Starting*****
09:36:31.302 [main] INFO  testCases.TC_003_LoginDDT.Verify_LoginDDT(TC_003_LoginDDT.java:17)oggger - ****TC_003_LoginDDt Starting*****
09:36:31.921 [main] INFO  testCases.TC_003_LoginDDT.Verify_LoginDDT(TC_003_LoginDDT.java:17)oggger - ****TC_003_LoginDDt Starting*****
15:54:21.392 [main] INFO  org.testng.log4testng.Logger.info(Logger.java:112)oggger - [TestNG] Running:
  C:\Users\User\eclipse-workspace\Java Developer\openCartV121\Mater.xml

15:54:39.203 [main] INFO  testCases.TC_003_LoginDDT.Verify_LoginDDT(TC_003_LoginDDT.java:17)oggger - ****TC_003_LoginDDt Starting*****
15:54:41.292 [main] INFO  testCases.TC_003_LoginDDT.Verify_LoginDDT(TC_003_LoginDDT.java:17)oggger - ****TC_003_LoginDDt Starting*****
15:54:42.116 [main] INFO  testCases.TC_003_LoginDDT.Verify_LoginDDT(TC_003_LoginDDT.java:17)oggger - ****TC_003_LoginDDt Starting*****
15:54:42.755 [main] INFO  testCases.TC_003_LoginDDT.Verify_LoginDDT(TC_003_LoginDDT.java:17)oggger - ****TC_003_LoginDDt Starting*****
15:54:43.456 [main] INFO  testCases.TC_003_LoginDDT.Verify_LoginDDT(TC_003_LoginDDT.java:17)oggger - ****TC_003_LoginDDt Starting*****
16:30:25.314 [main] INFO  org.testng.log4testng.Logger.info(Logger.java:112)oggger - [TestNG] Running:
  C:\Users\User\eclipse-workspace\Java Developer\openCartV121\Mater.xml

16:30:32.461 [main] INFO  testCases.TC_003_LoginDDT.Verify_LoginDDT(TC_003_LoginDDT.java:17)oggger - ****TC_003_LoginDDt Starting*****
16:30:33.496 [main] INFO  testCases.TC_003_LoginDDT.Verify_LoginDDT(TC_003_LoginDDT.java:17)oggger - ****TC_003_LoginDDt Starting*****
16:30:34.196 [main] INFO  testCases.TC_003_LoginDDT.Verify_LoginDDT(TC_003_LoginDDT.java:17)oggger - ****TC_003_LoginDDt Starting*****
16:30:34.829 [main] INFO  testCases.TC_003_LoginDDT.Verify_LoginDDT(TC_003_LoginDDT.java:17)oggger - ****TC_003_LoginDDt Starting*****
16:30:35.467 [main] INFO  testCases.TC_003_LoginDDT.Verify_LoginDDT(TC_003_LoginDDT.java:17)oggger - ****TC_003_LoginDDt Starting*****
16:40:45.902 [main] INFO  org.testng.log4testng.Logger.info(Logger.java:112)oggger - [TestNG] Running:
  C:\Users\User\eclipse-workspace\Java Developer\openCartV121\Mater.xml

16:40:52.754 [main] INFO  testCases.TC_003_LoginDDT.Verify_LoginDDT(TC_003_LoginDDT.java:17)oggger - ****TC_003_LoginDDt Starting*****
16:40:53.986 [main] INFO  testCases.TC_003_LoginDDT.Verify_LoginDDT(TC_003_LoginDDT.java:17)oggger - ****TC_003_LoginDDt Starting*****
16:40:54.804 [main] INFO  testCases.TC_003_LoginDDT.Verify_LoginDDT(TC_003_LoginDDT.java:17)oggger - ****TC_003_LoginDDt Starting*****
16:40:55.516 [main] INFO  testCases.TC_003_LoginDDT.Verify_LoginDDT(TC_003_LoginDDT.java:17)oggger - ****TC_003_LoginDDt Starting*****
16:40:56.171 [main] INFO  testCases.TC_003_LoginDDT.Verify_LoginDDT(TC_003_LoginDDT.java:17)oggger - ****TC_003_LoginDDt Starting*****
17:18:17.034 [main] INFO  org.testng.log4testng.Logger.info(Logger.java:112)oggger - [TestNG] Running:
  C:\Users\User\eclipse-workspace\Java Developer\openCartV121\Mater.xml

17:19:09.314 [main] INFO  org.testng.log4testng.Logger.info(Logger.java:112)oggger - [TestNG] Running:
  C:\Users\User\eclipse-workspace\Java Developer\openCartV121\Mater.xml

17:19:15.117 [main] INFO  testCases.TC_003_LoginDDT.Verify_LoginDDT(TC_003_LoginDDT.java:17)oggger - ****TC_003_LoginDDt Starting*****
17:19:16.236 [main] INFO  testCases.TC_003_LoginDDT.Verify_LoginDDT(TC_003_LoginDDT.java:17)oggger - ****TC_003_LoginDDt Starting*****
17:19:16.945 [main] INFO  testCases.TC_003_LoginDDT.Verify_LoginDDT(TC_003_LoginDDT.java:17)oggger - ****TC_003_LoginDDt Starting*****
17:19:17.568 [main] INFO  testCases.TC_003_LoginDDT.Verify_LoginDDT(TC_003_LoginDDT.java:17)oggger - ****TC_003_LoginDDt Starting*****
17:19:18.189 [main] INFO  testCases.TC_003_LoginDDT.Verify_LoginDDT(TC_003_LoginDDT.java:17)oggger - ****TC_003_LoginDDt Starting*****
17:52:01.755 [main] INFO  org.testng.log4testng.Logger.info(Logger.java:112)oggger - [TestNG] Running:
  C:\Users\User\eclipse-workspace\Java Developer\openCartV121\Mater.xml

17:52:09.699 [main] INFO  testCases.TC_003_LoginDDT.Verify_LoginDDT(TC_003_LoginDDT.java:17)oggger - ****TC_003_LoginDDt Starting*****
17:52:15.890 [main] INFO  testCases.TC_003_LoginDDT.Verify_LoginDDT(TC_003_LoginDDT.java:71)oggger - *****TC_003_LoginDDt Finished*******
17:52:15.903 [main] INFO  testCases.TC_003_LoginDDT.Verify_LoginDDT(TC_003_LoginDDT.java:17)oggger - ****TC_003_LoginDDt Starting*****
17:52:30.958 [main] INFO  testCases.TC_003_LoginDDT.Verify_LoginDDT(TC_003_LoginDDT.java:71)oggger - *****TC_003_LoginDDt Finished*******
17:52:30.969 [main] INFO  testCases.TC_003_LoginDDT.Verify_LoginDDT(TC_003_LoginDDT.java:17)oggger - ****TC_003_LoginDDt Starting*****
17:52:35.880 [main] INFO  testCases.TC_003_LoginDDT.Verify_LoginDDT(TC_003_LoginDDT.java:71)oggger - *****TC_003_LoginDDt Finished*******
17:52:35.892 [main] INFO  testCases.TC_003_LoginDDT.Verify_LoginDDT(TC_003_LoginDDT.java:17)oggger - ****TC_003_LoginDDt Starting*****
17:52:50.197 [main] INFO  testCases.TC_003_LoginDDT.Verify_LoginDDT(TC_003_LoginDDT.java:71)oggger - *****TC_003_LoginDDt Finished*******
17:52:50.203 [main] INFO  testCases.TC_003_LoginDDT.Verify_LoginDDT(TC_003_LoginDDT.java:17)oggger - ****TC_003_LoginDDt Starting*****
17:52:55.082 [main] INFO  testCases.TC_003_LoginDDT.Verify_LoginDDT(TC_003_LoginDDT.java:71)oggger - *****TC_003_LoginDDt Finished*******
17:53:32.756 [main] INFO  org.testng.log4testng.Logger.info(Logger.java:112)oggger - [TestNG] Running:
  C:\Users\User\eclipse-workspace\Java Developer\openCartV121\Mater.xml

17:53:38.388 [main] INFO  testCases.TC_003_LoginDDT.Verify_LoginDDT(TC_003_LoginDDT.java:17)oggger - ****TC_003_LoginDDt Starting*****
17:53:43.864 [main] INFO  testCases.TC_003_LoginDDT.Verify_LoginDDT(TC_003_LoginDDT.java:71)oggger - *****TC_003_LoginDDt Finished*******
17:53:43.886 [main] INFO  testCases.TC_003_LoginDDT.Verify_LoginDDT(TC_003_LoginDDT.java:17)oggger - ****TC_003_LoginDDt Starting*****
17:53:58.892 [main] INFO  testCases.TC_003_LoginDDT.Verify_LoginDDT(TC_003_LoginDDT.java:71)oggger - *****TC_003_LoginDDt Finished*******
17:53:58.899 [main] INFO  testCases.TC_003_LoginDDT.Verify_LoginDDT(TC_003_LoginDDT.java:17)oggger - ****TC_003_LoginDDt Starting*****
17:54:03.778 [main] INFO  testCases.TC_003_LoginDDT.Verify_LoginDDT(TC_003_LoginDDT.java:71)oggger - *****TC_003_LoginDDt Finished*******
17:54:03.788 [main] INFO  testCases.TC_003_LoginDDT.Verify_LoginDDT(TC_003_LoginDDT.java:17)oggger - ****TC_003_LoginDDt Starting*****
17:54:18.198 [main] INFO  testCases.TC_003_LoginDDT.Verify_LoginDDT(TC_003_LoginDDT.java:71)oggger - *****TC_003_LoginDDt Finished*******
17:54:18.204 [main] INFO  testCases.TC_003_LoginDDT.Verify_LoginDDT(TC_003_LoginDDT.java:17)oggger - ****TC_003_LoginDDt Starting*****
17:54:22.975 [main] INFO  testCases.TC_003_LoginDDT.Verify_LoginDDT(TC_003_LoginDDT.java:71)oggger - *****TC_003_LoginDDt Finished*******
17:55:43.836 [main] INFO  org.testng.log4testng.Logger.info(Logger.java:112)oggger - [TestNG] Running:
  C:\Users\User\eclipse-workspace\Java Developer\openCartV121\Mater.xml

17:55:49.453 [main] INFO  testCases.TC_003_LoginDDT.Verify_LoginDDT(TC_003_LoginDDT.java:17)oggger - ****TC_003_LoginDDt Starting*****
17:55:54.940 [main] INFO  testCases.TC_003_LoginDDT.Verify_LoginDDT(TC_003_LoginDDT.java:71)oggger - *****TC_003_LoginDDt Finished*******
17:55:54.959 [main] INFO  testCases.TC_003_LoginDDT.Verify_LoginDDT(TC_003_LoginDDT.java:17)oggger - ****TC_003_LoginDDt Starting*****
17:56:10.235 [main] INFO  testCases.TC_003_LoginDDT.Verify_LoginDDT(TC_003_LoginDDT.java:71)oggger - *****TC_003_LoginDDt Finished*******
17:56:10.243 [main] INFO  testCases.TC_003_LoginDDT.Verify_LoginDDT(TC_003_LoginDDT.java:17)oggger - ****TC_003_LoginDDt Starting*****
17:56:15.057 [main] INFO  testCases.TC_003_LoginDDT.Verify_LoginDDT(TC_003_LoginDDT.java:71)oggger - *****TC_003_LoginDDt Finished*******
17:56:15.069 [main] INFO  testCases.TC_003_LoginDDT.Verify_LoginDDT(TC_003_LoginDDT.java:17)oggger - ****TC_003_LoginDDt Starting*****
17:56:29.442 [main] INFO  testCases.TC_003_LoginDDT.Verify_LoginDDT(TC_003_LoginDDT.java:71)oggger - *****TC_003_LoginDDt Finished*******
17:56:29.468 [main] INFO  testCases.TC_003_LoginDDT.Verify_LoginDDT(TC_003_LoginDDT.java:17)oggger - ****TC_003_LoginDDt Starting*****
17:56:34.379 [main] INFO  testCases.TC_003_LoginDDT.Verify_LoginDDT(TC_003_LoginDDT.java:71)oggger - *****TC_003_LoginDDt Finished*******
20:39:37.281 [main] INFO  org.testng.log4testng.Logger.info(Logger.java:112)oggger - [TestNG] Running:
  C:\Users\User\eclipse-workspace\Java Developer\openCartV121\Grouping.xml

20:39:44.068 [main] INFO  testCases.TC_002_LoginTest.verifyLogin(TC_002_LoginTest.java:16)oggger - ****Starting TC_002_LoginTest*****
20:39:46.579 [main] INFO  testCases.TC_002_LoginTest.verifyLogin(TC_002_LoginTest.java:40)oggger - ***Finishing TC_002_LoginTest**** 
20:41:17.909 [main] INFO  org.testng.log4testng.Logger.info(Logger.java:112)oggger - [TestNG] Running:
  C:\Users\User\eclipse-workspace\Java Developer\openCartV121\Grouping.xml

20:41:21.983 [main] INFO  testCases.TC_002_LoginTest.verifyLogin(TC_002_LoginTest.java:16)oggger - ****Starting TC_002_LoginTest*****
20:41:24.524 [main] INFO  testCases.TC_002_LoginTest.verifyLogin(TC_002_LoginTest.java:40)oggger - ***Finishing TC_002_LoginTest**** 
08:17:51.338 [main] INFO  org.testng.log4testng.Logger.info(Logger.java:112)oggger - [TestNG] Running:
  C:\Users\User\eclipse-workspace\Java Developer\openCartV121\Grouping.xml

08:17:57.328 [main] INFO  testCases.TC_002_LoginTest.verifyLogin(TC_002_LoginTest.java:16)oggger - ****Starting TC_002_LoginTest*****
08:17:59.754 [main] INFO  testCases.TC_002_LoginTest.verifyLogin(TC_002_LoginTest.java:40)oggger - ***Finishing TC_002_LoginTest**** 
08:19:18.048 [main] INFO  org.testng.log4testng.Logger.info(Logger.java:112)oggger - [TestNG] Running:
  C:\Users\User\eclipse-workspace\Java Developer\openCartV121\Grouping.xml

08:19:22.249 [main] INFO  testCases.TC_002_LoginTest.verifyLogin(TC_002_LoginTest.java:16)oggger - ****Starting TC_002_LoginTest*****
08:19:24.692 [main] INFO  testCases.TC_002_LoginTest.verifyLogin(TC_002_LoginTest.java:40)oggger - ***Finishing TC_002_LoginTest**** 
08:20:40.039 [main] INFO  org.testng.log4testng.Logger.info(Logger.java:112)oggger - [TestNG] Running:
  C:\Users\User\eclipse-workspace\Java Developer\openCartV121\Grouping.xml

08:20:43.970 [main] INFO  testCases.TC_002_LoginTest.verifyLogin(TC_002_LoginTest.java:16)oggger - ****Starting TC_002_LoginTest*****
08:20:46.436 [main] INFO  testCases.TC_002_LoginTest.verifyLogin(TC_002_LoginTest.java:40)oggger - ***Finishing TC_002_LoginTest**** 
08:21:35.288 [main] INFO  org.testng.log4testng.Logger.info(Logger.java:112)oggger - [TestNG] Running:
  C:\Users\User\eclipse-workspace\Java Developer\openCartV121\Grouping.xml

08:21:39.068 [main] INFO  testCases.TC_001_AccountReistrationTest.verify_acc_registration(TC_001_AccountReistrationTest.java:23)oggger - ****Starting TC001_AccountRegistrationTest*****
08:21:40.092 [main] INFO  testCases.TC_001_AccountReistrationTest.verify_acc_registration(TC_001_AccountReistrationTest.java:28)oggger - clicking on myaccount...
08:21:41.394 [main] INFO  testCases.TC_001_AccountReistrationTest.verify_acc_registration(TC_001_AccountReistrationTest.java:31)oggger - Clicking on Register...
08:21:41.401 [main] INFO  testCases.TC_001_AccountReistrationTest.verify_acc_registration(TC_001_AccountReistrationTest.java:35)oggger - Providing customer details...
08:21:45.602 [main] INFO  testCases.TC_001_AccountReistrationTest.verify_acc_registration(TC_001_AccountReistrationTest.java:50)oggger - Validating expected message...
08:21:45.652 [main] INFO  testCases.TC_001_AccountReistrationTest.verify_acc_registration(TC_001_AccountReistrationTest.java:70)oggger - ****Finished TC001_AccountRegistrationTest*****
08:23:02.654 [main] INFO  org.testng.log4testng.Logger.info(Logger.java:112)oggger - [TestNG] Running:
  C:\Users\User\eclipse-workspace\Java Developer\openCartV121\Grouping.xml

08:23:06.857 [main] INFO  testCases.TC_002_LoginTest.verifyLogin(TC_002_LoginTest.java:16)oggger - ****Starting TC_002_LoginTest*****
08:23:09.460 [main] INFO  testCases.TC_002_LoginTest.verifyLogin(TC_002_LoginTest.java:40)oggger - ***Finishing TC_002_LoginTest**** 
08:24:39.585 [main] INFO  org.testng.log4testng.Logger.info(Logger.java:112)oggger - [TestNG] Running:
  C:\Users\User\eclipse-workspace\Java Developer\openCartV121\Grouping.xml

08:24:43.531 [main] INFO  testCases.TC_001_AccountReistrationTest.verify_acc_registration(TC_001_AccountReistrationTest.java:23)oggger - ****Starting TC001_AccountRegistrationTest*****
08:24:44.404 [main] INFO  testCases.TC_001_AccountReistrationTest.verify_acc_registration(TC_001_AccountReistrationTest.java:28)oggger - clicking on myaccount...
08:24:45.123 [main] INFO  testCases.TC_001_AccountReistrationTest.verify_acc_registration(TC_001_AccountReistrationTest.java:31)oggger - Clicking on Register...
08:24:45.131 [main] INFO  testCases.TC_001_AccountReistrationTest.verify_acc_registration(TC_001_AccountReistrationTest.java:35)oggger - Providing customer details...
08:24:48.832 [main] INFO  testCases.TC_001_AccountReistrationTest.verify_acc_registration(TC_001_AccountReistrationTest.java:50)oggger - Validating expected message...
08:24:48.877 [main] INFO  testCases.TC_001_AccountReistrationTest.verify_acc_registration(TC_001_AccountReistrationTest.java:70)oggger - ****Finished TC001_AccountRegistrationTest*****
08:24:52.734 [main] INFO  testCases.TC_002_LoginTest.verifyLogin(TC_002_LoginTest.java:16)oggger - ****Starting TC_002_LoginTest*****
08:24:54.723 [main] INFO  testCases.TC_002_LoginTest.verifyLogin(TC_002_LoginTest.java:40)oggger - ***Finishing TC_002_LoginTest**** 
08:25:35.645 [main] INFO  org.testng.log4testng.Logger.info(Logger.java:112)oggger - [TestNG] Running:
  C:\Users\User\eclipse-workspace\Java Developer\openCartV121\Grouping.xml

08:25:39.688 [main] INFO  testCases.TC_001_AccountReistrationTest.verify_acc_registration(TC_001_AccountReistrationTest.java:23)oggger - ****Starting TC001_AccountRegistrationTest*****
08:25:40.027 [main] INFO  testCases.TC_001_AccountReistrationTest.verify_acc_registration(TC_001_AccountReistrationTest.java:28)oggger - clicking on myaccount...
08:25:40.816 [main] INFO  testCases.TC_001_AccountReistrationTest.verify_acc_registration(TC_001_AccountReistrationTest.java:31)oggger - Clicking on Register...
08:25:40.821 [main] INFO  testCases.TC_001_AccountReistrationTest.verify_acc_registration(TC_001_AccountReistrationTest.java:35)oggger - Providing customer details...
08:25:44.689 [main] INFO  testCases.TC_001_AccountReistrationTest.verify_acc_registration(TC_001_AccountReistrationTest.java:50)oggger - Validating expected message...
08:25:44.739 [main] INFO  testCases.TC_001_AccountReistrationTest.verify_acc_registration(TC_001_AccountReistrationTest.java:70)oggger - ****Finished TC001_AccountRegistrationTest*****
08:25:48.140 [main] INFO  testCases.TC_002_LoginTest.verifyLogin(TC_002_LoginTest.java:16)oggger - ****Starting TC_002_LoginTest*****
08:25:50.432 [main] INFO  testCases.TC_002_LoginTest.verifyLogin(TC_002_LoginTest.java:40)oggger - ***Finishing TC_002_LoginTest**** 
08:46:56.186 [main] INFO  org.testng.log4testng.Logger.info(Logger.java:112)oggger - [TestNG] Running:
  C:\Users\User\eclipse-workspace\Java Developer\openCartV121\Grouping.xml

08:47:02.039 [main] INFO  testCases.TC_001_AccountReistrationTest.verify_acc_registration(TC_001_AccountReistrationTest.java:23)oggger - ****Starting TC001_AccountRegistrationTest*****
08:47:02.906 [main] INFO  testCases.TC_001_AccountReistrationTest.verify_acc_registration(TC_001_AccountReistrationTest.java:28)oggger - clicking on myaccount...
08:47:04.051 [main] INFO  testCases.TC_001_AccountReistrationTest.verify_acc_registration(TC_001_AccountReistrationTest.java:31)oggger - Clicking on Register...
08:47:04.070 [main] INFO  testCases.TC_001_AccountReistrationTest.verify_acc_registration(TC_001_AccountReistrationTest.java:35)oggger - Providing customer details...
08:47:07.942 [main] INFO  testCases.TC_001_AccountReistrationTest.verify_acc_registration(TC_001_AccountReistrationTest.java:50)oggger - Validating expected message...
08:47:07.988 [main] INFO  testCases.TC_001_AccountReistrationTest.verify_acc_registration(TC_001_AccountReistrationTest.java:70)oggger - ****Finished TC001_AccountRegistrationTest*****
08:47:12.283 [main] INFO  testCases.TC_002_LoginTest.verifyLogin(TC_002_LoginTest.java:16)oggger - ****Starting TC_002_LoginTest*****
08:47:15.295 [main] INFO  testCases.TC_002_LoginTest.verifyLogin(TC_002_LoginTest.java:40)oggger - ***Finishing TC_002_LoginTest**** 
18:37:07.067 [main] INFO  org.testng.log4testng.Logger.info(Logger.java:112)oggger - [TestNG] Running:
  C:\Users\User\eclipse-workspace\Java Developer\openCartV121\Grouping.xml

18:37:13.299 [main] INFO  testCases.TC_001_AccountReistrationTest.verify_acc_registration(TC_001_AccountReistrationTest.java:23)oggger - ****Starting TC001_AccountRegistrationTest*****
18:37:14.090 [main] INFO  testCases.TC_001_AccountReistrationTest.verify_acc_registration(TC_001_AccountReistrationTest.java:28)oggger - clicking on myaccount...
18:37:15.261 [main] INFO  testCases.TC_001_AccountReistrationTest.verify_acc_registration(TC_001_AccountReistrationTest.java:31)oggger - Clicking on Register...
18:37:15.264 [main] INFO  testCases.TC_001_AccountReistrationTest.verify_acc_registration(TC_001_AccountReistrationTest.java:35)oggger - Providing customer details...
18:37:19.496 [main] INFO  testCases.TC_001_AccountReistrationTest.verify_acc_registration(TC_001_AccountReistrationTest.java:50)oggger - Validating expected message...
18:37:19.553 [main] INFO  testCases.TC_001_AccountReistrationTest.verify_acc_registration(TC_001_AccountReistrationTest.java:70)oggger - ****Finished TC001_AccountRegistrationTest*****
18:37:22.815 [main] INFO  testCases.TC_002_LoginTest.verifyLogin(TC_002_LoginTest.java:16)oggger - ****Starting TC_002_LoginTest*****
18:37:24.941 [main] INFO  testCases.TC_002_LoginTest.verifyLogin(TC_002_LoginTest.java:40)oggger - ***Finishing TC_002_LoginTest**** 
18:41:18.845 [main] INFO  org.testng.log4testng.Logger.info(Logger.java:112)oggger - [TestNG] Running:
  C:\Users\User\eclipse-workspace\Java Developer\openCartV121\Grouping.xml

18:41:23.565 [main] INFO  testCases.TC_001_AccountReistrationTest.verify_acc_registration(TC_001_AccountReistrationTest.java:23)oggger - ****Starting TC001_AccountRegistrationTest*****
18:41:24.570 [main] INFO  testCases.TC_001_AccountReistrationTest.verify_acc_registration(TC_001_AccountReistrationTest.java:28)oggger - clicking on myaccount...
18:41:25.447 [main] INFO  testCases.TC_001_AccountReistrationTest.verify_acc_registration(TC_001_AccountReistrationTest.java:31)oggger - Clicking on Register...
18:41:25.451 [main] INFO  testCases.TC_001_AccountReistrationTest.verify_acc_registration(TC_001_AccountReistrationTest.java:35)oggger - Providing customer details...
18:41:29.168 [main] INFO  testCases.TC_001_AccountReistrationTest.verify_acc_registration(TC_001_AccountReistrationTest.java:50)oggger - Validating expected message...
18:41:29.224 [main] INFO  testCases.TC_001_AccountReistrationTest.verify_acc_registration(TC_001_AccountReistrationTest.java:70)oggger - ****Finished TC001_AccountRegistrationTest*****
18:41:32.761 [main] INFO  testCases.TC_002_LoginTest.verifyLogin(TC_002_LoginTest.java:16)oggger - ****Starting TC_002_LoginTest*****
18:41:35.030 [main] INFO  testCases.TC_002_LoginTest.verifyLogin(TC_002_LoginTest.java:40)oggger - ***Finishing TC_002_LoginTest**** 
18:45:57.750 [main] INFO  org.testng.log4testng.Logger.info(Logger.java:112)oggger - [TestNG] Running:
  C:\Users\User\eclipse-workspace\Java Developer\openCartV121\Grouping.xml

18:46:01.841 [main] INFO  testCases.TC_001_AccountReistrationTest.verify_acc_registration(TC_001_AccountReistrationTest.java:23)oggger - ****Starting TC001_AccountRegistrationTest*****
18:46:02.783 [main] INFO  testCases.TC_001_AccountReistrationTest.verify_acc_registration(TC_001_AccountReistrationTest.java:28)oggger - clicking on myaccount...
18:46:03.542 [main] INFO  testCases.TC_001_AccountReistrationTest.verify_acc_registration(TC_001_AccountReistrationTest.java:31)oggger - Clicking on Register...
18:46:03.550 [main] INFO  testCases.TC_001_AccountReistrationTest.verify_acc_registration(TC_001_AccountReistrationTest.java:35)oggger - Providing customer details...
18:46:07.392 [main] INFO  testCases.TC_001_AccountReistrationTest.verify_acc_registration(TC_001_AccountReistrationTest.java:50)oggger - Validating expected message...
18:46:07.436 [main] INFO  testCases.TC_001_AccountReistrationTest.verify_acc_registration(TC_001_AccountReistrationTest.java:70)oggger - ****Finished TC001_AccountRegistrationTest*****
18:46:11.074 [main] INFO  testCases.TC_002_LoginTest.verifyLogin(TC_002_LoginTest.java:16)oggger - ****Starting TC_002_LoginTest*****
18:52:38.273 [main] INFO  org.testng.log4testng.Logger.info(Logger.java:112)oggger - [TestNG] Running:
  C:\Users\User\eclipse-workspace\Java Developer\openCartV121\Grouping.xml

18:52:42.227 [main] INFO  testCases.TC_001_AccountReistrationTest.verify_acc_registration(TC_001_AccountReistrationTest.java:23)oggger - ****Starting TC001_AccountRegistrationTest*****
18:52:43.351 [main] INFO  testCases.TC_001_AccountReistrationTest.verify_acc_registration(TC_001_AccountReistrationTest.java:28)oggger - clicking on myaccount...
18:52:44.089 [main] INFO  testCases.TC_001_AccountReistrationTest.verify_acc_registration(TC_001_AccountReistrationTest.java:31)oggger - Clicking on Register...
18:52:44.094 [main] INFO  testCases.TC_001_AccountReistrationTest.verify_acc_registration(TC_001_AccountReistrationTest.java:35)oggger - Providing customer details...
18:52:47.850 [main] INFO  testCases.TC_001_AccountReistrationTest.verify_acc_registration(TC_001_AccountReistrationTest.java:50)oggger - Validating expected message...
18:52:47.908 [main] INFO  testCases.TC_001_AccountReistrationTest.verify_acc_registration(TC_001_AccountReistrationTest.java:70)oggger - ****Finished TC001_AccountRegistrationTest*****
18:52:51.451 [main] INFO  testCases.TC_002_LoginTest.verifyLogin(TC_002_LoginTest.java:16)oggger - ****Starting TC_002_LoginTest*****
19:01:32.250 [main] INFO  org.testng.log4testng.Logger.info(Logger.java:112)oggger - [TestNG] Running:
  C:\Users\User\eclipse-workspace\Java Developer\openCartV121\test-output\testng-failed.xml

19:01:36.315 [main] INFO  testCases.TC_002_LoginTest.verifyLogin(TC_002_LoginTest.java:16)oggger - ****Starting TC_002_LoginTest*****
19:01:38.993 [main] INFO  testCases.TC_002_LoginTest.verifyLogin(TC_002_LoginTest.java:40)oggger - ***Finishing TC_002_LoginTest**** 
17:15:50.903 [main] INFO  org.testng.log4testng.Logger.info(Logger.java:112)oggger - [TestNG] Running:
  C:\Users\User\eclipse-workspace\Java Developer\openCartV121\Mater.xml

17:19:10.212 [main] INFO  org.testng.log4testng.Logger.info(Logger.java:112)oggger - [TestNG] Running:
  C:\Users\User\eclipse-workspace\Java Developer\openCartV121\Mater.xml

17:19:18.560 [main] INFO  testCases.TC_003_LoginDDT.Verify_LoginDDT(TC_003_LoginDDT.java:17)oggger - ****TC_003_LoginDDt Starting*****
17:19:25.599 [main] INFO  testCases.TC_003_LoginDDT.Verify_LoginDDT(TC_003_LoginDDT.java:71)oggger - *****TC_003_LoginDDt Finished*******
17:19:25.630 [main] INFO  testCases.TC_003_LoginDDT.Verify_LoginDDT(TC_003_LoginDDT.java:17)oggger - ****TC_003_LoginDDt Starting*****
17:19:41.346 [main] INFO  testCases.TC_003_LoginDDT.Verify_LoginDDT(TC_003_LoginDDT.java:71)oggger - *****TC_003_LoginDDt Finished*******
17:19:41.363 [main] INFO  testCases.TC_003_LoginDDT.Verify_LoginDDT(TC_003_LoginDDT.java:17)oggger - ****TC_003_LoginDDt Starting*****
17:19:46.408 [main] INFO  testCases.TC_003_LoginDDT.Verify_LoginDDT(TC_003_LoginDDT.java:71)oggger - *****TC_003_LoginDDt Finished*******
17:19:46.420 [main] INFO  testCases.TC_003_LoginDDT.Verify_LoginDDT(TC_003_LoginDDT.java:17)oggger - ****TC_003_LoginDDt Starting*****
17:20:00.898 [main] INFO  testCases.TC_003_LoginDDT.Verify_LoginDDT(TC_003_LoginDDT.java:71)oggger - *****TC_003_LoginDDt Finished*******
17:20:00.911 [main] INFO  testCases.TC_003_LoginDDT.Verify_LoginDDT(TC_003_LoginDDT.java:17)oggger - ****TC_003_LoginDDt Starting*****
17:20:05.884 [main] INFO  testCases.TC_003_LoginDDT.Verify_LoginDDT(TC_003_LoginDDT.java:71)oggger - *****TC_003_LoginDDt Finished*******
17:22:23.215 [main] INFO  org.testng.log4testng.Logger.info(Logger.java:112)oggger - [TestNG] Running:
  C:\Users\User\eclipse-workspace\Java Developer\openCartV121\Mater.xml

17:22:27.929 [main] INFO  testCases.TC_001_AccountReistrationTest.verify_acc_registration(TC_001_AccountReistrationTest.java:23)oggger - ****Starting TC001_AccountRegistrationTest*****
17:22:28.858 [main] INFO  testCases.TC_001_AccountReistrationTest.verify_acc_registration(TC_001_AccountReistrationTest.java:28)oggger - clicking on myaccount...
17:22:30.019 [main] INFO  testCases.TC_001_AccountReistrationTest.verify_acc_registration(TC_001_AccountReistrationTest.java:31)oggger - Clicking on Register...
17:22:30.048 [main] INFO  testCases.TC_001_AccountReistrationTest.verify_acc_registration(TC_001_AccountReistrationTest.java:35)oggger - Providing customer details...
17:22:34.154 [main] INFO  testCases.TC_001_AccountReistrationTest.verify_acc_registration(TC_001_AccountReistrationTest.java:50)oggger - Validating expected message...
17:22:34.211 [main] INFO  testCases.TC_001_AccountReistrationTest.verify_acc_registration(TC_001_AccountReistrationTest.java:70)oggger - ****Finished TC001_AccountRegistrationTest*****
17:22:38.330 [main] INFO  testCases.TC_002_LoginTest.verifyLogin(TC_002_LoginTest.java:16)oggger - ****Starting TC_002_LoginTest*****
17:22:40.620 [main] INFO  testCases.TC_002_LoginTest.verifyLogin(TC_002_LoginTest.java:40)oggger - ***Finishing TC_002_LoginTest**** 
17:27:22.151 [main] INFO  org.testng.log4testng.Logger.info(Logger.java:112)oggger - [TestNG] Running:
  C:\Users\User\eclipse-workspace\Java Developer\openCartV121\Mater.xml

17:27:27.391 [main] INFO  testCases.TC_001_AccountReistrationTest.verify_acc_registration(TC_001_AccountReistrationTest.java:23)oggger - ****Starting TC001_AccountRegistrationTest*****
17:27:28.605 [main] INFO  testCases.TC_001_AccountReistrationTest.verify_acc_registration(TC_001_AccountReistrationTest.java:28)oggger - clicking on myaccount...
17:27:29.743 [main] INFO  testCases.TC_001_AccountReistrationTest.verify_acc_registration(TC_001_AccountReistrationTest.java:31)oggger - Clicking on Register...
17:27:29.749 [main] INFO  testCases.TC_001_AccountReistrationTest.verify_acc_registration(TC_001_AccountReistrationTest.java:35)oggger - Providing customer details...
17:27:33.607 [main] INFO  testCases.TC_001_AccountReistrationTest.verify_acc_registration(TC_001_AccountReistrationTest.java:50)oggger - Validating expected message...
17:27:33.679 [main] INFO  testCases.TC_001_AccountReistrationTest.verify_acc_registration(TC_001_AccountReistrationTest.java:70)oggger - ****Finished TC001_AccountRegistrationTest*****
17:27:37.234 [main] INFO  testCases.TC_002_LoginTest.verifyLogin(TC_002_LoginTest.java:16)oggger - ****Starting TC_002_LoginTest*****
17:27:39.588 [main] INFO  testCases.TC_002_LoginTest.verifyLogin(TC_002_LoginTest.java:40)oggger - ***Finishing TC_002_LoginTest**** 
17:28:43.257 [main] INFO  org.testng.log4testng.Logger.info(Logger.java:112)oggger - [TestNG] Running:
  C:\Users\User\eclipse-workspace\Java Developer\openCartV121\Mater.xml

17:28:47.813 [main] INFO  testCases.TC_001_AccountReistrationTest.verify_acc_registration(TC_001_AccountReistrationTest.java:23)oggger - ****Starting TC001_AccountRegistrationTest*****
17:28:48.832 [main] INFO  testCases.TC_001_AccountReistrationTest.verify_acc_registration(TC_001_AccountReistrationTest.java:28)oggger - clicking on myaccount...
17:28:49.608 [main] INFO  testCases.TC_001_AccountReistrationTest.verify_acc_registration(TC_001_AccountReistrationTest.java:31)oggger - Clicking on Register...
17:28:49.616 [main] INFO  testCases.TC_001_AccountReistrationTest.verify_acc_registration(TC_001_AccountReistrationTest.java:35)oggger - Providing customer details...
17:28:53.497 [main] INFO  testCases.TC_001_AccountReistrationTest.verify_acc_registration(TC_001_AccountReistrationTest.java:50)oggger - Validating expected message...
17:28:53.553 [main] INFO  testCases.TC_001_AccountReistrationTest.verify_acc_registration(TC_001_AccountReistrationTest.java:70)oggger - ****Finished TC001_AccountRegistrationTest*****
17:28:57.422 [main] INFO  testCases.TC_002_LoginTest.verifyLogin(TC_002_LoginTest.java:16)oggger - ****Starting TC_002_LoginTest*****
17:28:59.954 [main] INFO  testCases.TC_002_LoginTest.verifyLogin(TC_002_LoginTest.java:40)oggger - ***Finishing TC_002_LoginTest**** 
21:53:37.537 [main] INFO  org.testng.log4testng.Logger.info(Logger.java:112)oggger - [TestNG] Running:
  C:\Users\User\eclipse-workspace\Java Developer\openCartV121\grid-docker.xml

21:53:38.248 [main] INFO  testCases.TC_001_AccountReistrationTest.verify_acc_registration(TC_001_AccountReistrationTest.java:23)oggger - ****Starting TC001_AccountRegistrationTest*****
21:55:04.241 [main] INFO  org.testng.log4testng.Logger.info(Logger.java:112)oggger - [TestNG] Running:
  C:\Users\User\eclipse-workspace\Java Developer\openCartV121\grid-docker.xml

21:55:05.022 [main] INFO  testCases.TC_001_AccountReistrationTest.verify_acc_registration(TC_001_AccountReistrationTest.java:23)oggger - ****Starting TC001_AccountRegistrationTest*****
21:56:32.591 [main] INFO  org.testng.log4testng.Logger.info(Logger.java:112)oggger - [TestNG] Running:
  C:\Users\User\eclipse-workspace\Java Developer\openCartV121\grid-docker.xml

21:56:33.257 [main] INFO  testCases.TC_001_AccountReistrationTest.verify_acc_registration(TC_001_AccountReistrationTest.java:23)oggger - ****Starting TC001_AccountRegistrationTest*****
21:59:46.323 [main] INFO  org.testng.log4testng.Logger.info(Logger.java:112)oggger - [TestNG] Running:
  C:\Users\User\eclipse-workspace\Java Developer\openCartV121\grid-docker.xml

22:01:47.556 [main] INFO  org.testng.log4testng.Logger.info(Logger.java:112)oggger - [TestNG] Running:
  C:\Users\User\eclipse-workspace\Java Developer\openCartV121\grid-docker.xml

16:55:11.240 [main] INFO  org.testng.log4testng.Logger.info(Logger.java:112)oggger - [TestNG] Running:
  C:\Users\User\eclipse-workspace\Java Developer\openCartV121\grid-docker.xml

17:19:59.249 [main] INFO  org.testng.log4testng.Logger.info(Logger.java:112)oggger - [TestNG] Running:
  C:\Users\User\eclipse-workspace\Java Developer\openCartV121\grid-docker.xml

17:22:00.024 [main] INFO  org.testng.log4testng.Logger.info(Logger.java:112)oggger - [TestNG] Running:
  C:\Users\User\eclipse-workspace\Java Developer\openCartV121\grid-docker.xml

17:22:07.503 [main] INFO  testCases.TC_001_AccountReistrationTest.verify_acc_registration(TC_001_AccountReistrationTest.java:23)oggger - ****Starting TC001_AccountRegistrationTest*****
17:22:08.533 [main] INFO  testCases.TC_001_AccountReistrationTest.verify_acc_registration(TC_001_AccountReistrationTest.java:28)oggger - clicking on myaccount...
17:22:10.178 [main] INFO  testCases.TC_001_AccountReistrationTest.verify_acc_registration(TC_001_AccountReistrationTest.java:31)oggger - Clicking on Register...
17:22:10.211 [main] INFO  testCases.TC_001_AccountReistrationTest.verify_acc_registration(TC_001_AccountReistrationTest.java:35)oggger - Providing customer details...
17:22:14.649 [main] INFO  testCases.TC_001_AccountReistrationTest.verify_acc_registration(TC_001_AccountReistrationTest.java:50)oggger - Validating expected message...
17:22:14.722 [main] INFO  testCases.TC_001_AccountReistrationTest.verify_acc_registration(TC_001_AccountReistrationTest.java:70)oggger - ****Finished TC001_AccountRegistrationTest*****
17:22:19.079 [main] INFO  testCases.TC_002_LoginTest.verifyLogin(TC_002_LoginTest.java:16)oggger - ****Starting TC_002_LoginTest*****
17:22:21.953 [main] INFO  testCases.TC_002_LoginTest.verifyLogin(TC_002_LoginTest.java:40)oggger - ***Finishing TC_002_LoginTest**** 
17:25:46.142 [main] INFO  org.testng.log4testng.Logger.info(Logger.java:112)oggger - [TestNG] Running:
  C:\Users\User\eclipse-workspace\Java Developer\openCartV121\grid-docker.xml

17:25:51.751 [main] INFO  testCases.TC_001_AccountReistrationTest.verify_acc_registration(TC_001_AccountReistrationTest.java:23)oggger - ****Starting TC001_AccountRegistrationTest*****
17:25:52.875 [main] INFO  testCases.TC_001_AccountReistrationTest.verify_acc_registration(TC_001_AccountReistrationTest.java:28)oggger - clicking on myaccount...
17:25:53.809 [main] INFO  testCases.TC_001_AccountReistrationTest.verify_acc_registration(TC_001_AccountReistrationTest.java:31)oggger - Clicking on Register...
17:25:53.815 [main] INFO  testCases.TC_001_AccountReistrationTest.verify_acc_registration(TC_001_AccountReistrationTest.java:35)oggger - Providing customer details...
17:25:58.669 [main] INFO  testCases.TC_001_AccountReistrationTest.verify_acc_registration(TC_001_AccountReistrationTest.java:50)oggger - Validating expected message...
17:25:58.747 [main] INFO  testCases.TC_001_AccountReistrationTest.verify_acc_registration(TC_001_AccountReistrationTest.java:70)oggger - ****Finished TC001_AccountRegistrationTest*****
17:26:02.805 [main] INFO  testCases.TC_002_LoginTest.verifyLogin(TC_002_LoginTest.java:16)oggger - ****Starting TC_002_LoginTest*****
17:26:05.405 [main] INFO  testCases.TC_002_LoginTest.verifyLogin(TC_002_LoginTest.java:40)oggger - ***Finishing TC_002_LoginTest**** 
17:28:33.665 [main] INFO  org.testng.log4testng.Logger.info(Logger.java:112)oggger - [TestNG] Running:
  C:\Users\User\eclipse-workspace\Java Developer\openCartV121\grid-docker.xml

17:29:40.732 [main] INFO  org.testng.log4testng.Logger.info(Logger.java:112)oggger - [TestNG] Running:
  C:\Users\User\eclipse-workspace\Java Developer\openCartV121\grid-docker.xml

19:52:13.227 [main] INFO  org.testng.log4testng.Logger.info(Logger.java:112)oggger - [TestNG] Running:
  C:\Users\User\eclipse-workspace\Java Developer\openCartV121\grid-docker.xml

19:52:26.159 [main] INFO  testCases.TC_001_AccountReistrationTest.verify_acc_registration(TC_001_AccountReistrationTest.java:23)oggger - ****Starting TC001_AccountRegistrationTest*****
19:52:27.215 [main] INFO  testCases.TC_001_AccountReistrationTest.verify_acc_registration(TC_001_AccountReistrationTest.java:28)oggger - clicking on myaccount...
19:52:29.240 [main] INFO  testCases.TC_001_AccountReistrationTest.verify_acc_registration(TC_001_AccountReistrationTest.java:31)oggger - Clicking on Register...
19:52:29.248 [main] INFO  testCases.TC_001_AccountReistrationTest.verify_acc_registration(TC_001_AccountReistrationTest.java:35)oggger - Providing customer details...
19:52:34.539 [main] INFO  testCases.TC_001_AccountReistrationTest.verify_acc_registration(TC_001_AccountReistrationTest.java:50)oggger - Validating expected message...
19:52:34.597 [main] INFO  testCases.TC_001_AccountReistrationTest.verify_acc_registration(TC_001_AccountReistrationTest.java:70)oggger - ****Finished TC001_AccountRegistrationTest*****
19:52:41.384 [main] INFO  testCases.TC_002_LoginTest.verifyLogin(TC_002_LoginTest.java:16)oggger - ****Starting TC_002_LoginTest*****
19:52:44.417 [main] INFO  testCases.TC_002_LoginTest.verifyLogin(TC_002_LoginTest.java:40)oggger - ***Finishing TC_002_LoginTest**** 
08:45:16.556 [main] INFO  org.testng.log4testng.Logger.info(Logger.java:112)oggger - [TestNG] Running:
  C:\Users\User\eclipse-workspace\Java Developer\openCartV121\grid-docker.xml

08:45:23.573 [main] INFO  testCases.TC_001_AccountReistrationTest.verify_acc_registration(TC_001_AccountReistrationTest.java:23)oggger - ****Starting TC001_AccountRegistrationTest*****
08:45:24.408 [main] INFO  testCases.TC_001_AccountReistrationTest.verify_acc_registration(TC_001_AccountReistrationTest.java:28)oggger - clicking on myaccount...
08:45:25.420 [main] INFO  testCases.TC_001_AccountReistrationTest.verify_acc_registration(TC_001_AccountReistrationTest.java:31)oggger - Clicking on Register...
08:45:25.428 [main] INFO  testCases.TC_001_AccountReistrationTest.verify_acc_registration(TC_001_AccountReistrationTest.java:35)oggger - Providing customer details...
08:45:29.560 [main] INFO  testCases.TC_001_AccountReistrationTest.verify_acc_registration(TC_001_AccountReistrationTest.java:50)oggger - Validating expected message...
08:45:29.619 [main] INFO  testCases.TC_001_AccountReistrationTest.verify_acc_registration(TC_001_AccountReistrationTest.java:70)oggger - ****Finished TC001_AccountRegistrationTest*****
08:45:33.654 [main] INFO  testCases.TC_002_LoginTest.verifyLogin(TC_002_LoginTest.java:16)oggger - ****Starting TC_002_LoginTest*****
08:45:36.239 [main] INFO  testCases.TC_002_LoginTest.verifyLogin(TC_002_LoginTest.java:40)oggger - ***Finishing TC_002_LoginTest**** 
08:47:33.784 [main] INFO  org.testng.log4testng.Logger.info(Logger.java:112)oggger - [TestNG] Running:
  C:\Users\User\eclipse-workspace\Java Developer\openCartV121\grid-docker.xml

08:51:01.890 [main] INFO  org.testng.log4testng.Logger.info(Logger.java:112)oggger - [TestNG] Running:
  C:\Users\User\eclipse-workspace\Java Developer\openCartV121\grid-docker.xml

08:51:09.231 [main] INFO  testCases.TC_001_AccountReistrationTest.verify_acc_registration(TC_001_AccountReistrationTest.java:23)oggger - ****Starting TC001_AccountRegistrationTest*****
08:51:10.208 [main] INFO  testCases.TC_001_AccountReistrationTest.verify_acc_registration(TC_001_AccountReistrationTest.java:28)oggger - clicking on myaccount...
08:51:11.450 [main] INFO  testCases.TC_001_AccountReistrationTest.verify_acc_registration(TC_001_AccountReistrationTest.java:31)oggger - Clicking on Register...
08:51:11.456 [main] INFO  testCases.TC_001_AccountReistrationTest.verify_acc_registration(TC_001_AccountReistrationTest.java:35)oggger - Providing customer details...
08:51:15.840 [main] INFO  testCases.TC_001_AccountReistrationTest.verify_acc_registration(TC_001_AccountReistrationTest.java:50)oggger - Validating expected message...
08:51:15.901 [main] INFO  testCases.TC_001_AccountReistrationTest.verify_acc_registration(TC_001_AccountReistrationTest.java:70)oggger - ****Finished TC001_AccountRegistrationTest*****
08:51:21.180 [main] INFO  testCases.TC_002_LoginTest.verifyLogin(TC_002_LoginTest.java:16)oggger - ****Starting TC_002_LoginTest*****
08:51:23.886 [main] INFO  testCases.TC_002_LoginTest.verifyLogin(TC_002_LoginTest.java:40)oggger - ***Finishing TC_002_LoginTest**** 
16:34:52.803 [main] INFO  org.testng.log4testng.Logger.info(Logger.java:112)oggger - [TestNG] Running:
  C:\Users\User\eclipse-workspace\Java Developer\openCartV121\Mater.xml

16:35:13.048 [main] INFO  testCases.TC_001_AccountReistrationTest.verify_acc_registration(TC_001_AccountReistrationTest.java:23)oggger - ****Starting TC001_AccountRegistrationTest*****
16:35:14.036 [main] INFO  testCases.TC_001_AccountReistrationTest.verify_acc_registration(TC_001_AccountReistrationTest.java:28)oggger - clicking on myaccount...
16:35:16.131 [main] INFO  testCases.TC_001_AccountReistrationTest.verify_acc_registration(TC_001_AccountReistrationTest.java:31)oggger - Clicking on Register...
16:35:16.181 [main] INFO  testCases.TC_001_AccountReistrationTest.verify_acc_registration(TC_001_AccountReistrationTest.java:35)oggger - Providing customer details...
16:35:21.570 [main] INFO  testCases.TC_001_AccountReistrationTest.verify_acc_registration(TC_001_AccountReistrationTest.java:50)oggger - Validating expected message...
16:35:21.627 [main] INFO  testCases.TC_001_AccountReistrationTest.verify_acc_registration(TC_001_AccountReistrationTest.java:70)oggger - ****Finished TC001_AccountRegistrationTest*****
16:35:25.903 [main] INFO  testCases.TC_002_LoginTest.verifyLogin(TC_002_LoginTest.java:16)oggger - ****Starting TC_002_LoginTest*****
16:35:28.505 [main] INFO  testCases.TC_002_LoginTest.verifyLogin(TC_002_LoginTest.java:40)oggger - ***Finishing TC_002_LoginTest**** 
